# Mass function for redshift 2.000000
# 1) mass (Msun/h)
# 2) n(m) (Mpc^-3 Msun^-1 h^4)
# 3) upper +1-sigma limit for n(m) (Mpc^-3 Msun^-1 h^4)
# 4) lower -1-sigma limit for n(m) (Mpc^-3 Msun^-1 h^4)
# 5) number of halos in the bin
# 6) analytical n(m) from Watson et al. 2013
#
   1.1309436e+13   5.1578171e-18   5.2957641e-18   5.0198701e-18         1398    5.2796792e-18          2.9379162
   1.3010155e+13    3.873897e-18   4.0429677e-18   3.7048262e-18          525    3.5233148e-18          3.0096238
   1.4533169e+13   2.6342499e-18   2.7328343e-18   2.5356656e-18          714     2.540871e-18          3.0681311
   1.6262694e+13   2.1251092e-18   2.2503324e-18   1.9998859e-18          288    1.8102371e-18          3.1292884
   1.7793481e+13   1.2986778e-18   1.3678976e-18   1.2294581e-18          352    1.3727364e-18          3.1795182
   2.0004862e+13   9.1497757e-19    9.730787e-19   8.5687643e-19          248    9.5021934e-19          3.2467221
   2.2586319e+13   5.8784849e-19   6.2587325e-19   5.4982373e-19          239    6.4284545e-19          3.3185722
   2.5983433e+13   3.6156372e-19   3.9138499e-19   3.3174244e-19          147    4.0409887e-19          3.4044543
   2.9170137e+13   2.3366363e-19   2.5763701e-19   2.0969024e-19           95    2.7232793e-19          3.4778369
   3.2320273e+13   1.8201167e-19   2.0317009e-19   1.6085324e-19           74    1.9018456e-19          3.5448347
   3.6404718e+13   1.1806162e-19   1.3281932e-19   1.0330392e-19           64    1.2394785e-19          3.6249684
   4.0439899e+13   5.5341385e-20   6.5445293e-20   4.5237477e-20           30    8.3993328e-20          3.6979655
   4.5225777e+13   5.1651959e-20   6.0382734e-20   4.2921185e-20           35    5.4854443e-20          3.7780073
   5.1839846e+13   3.3204831e-20   3.9595104e-20   2.6814558e-20           27    3.2034784e-20          3.8791328
   5.7100125e+13   1.4757703e-20   1.9017884e-20   1.0497521e-20           12    2.1611679e-20          3.9531262
   6.4915253e+13    8.432973e-21   1.1414479e-20   5.4514668e-21            8     1.259564e-20          4.0545272
   7.2278639e+13   6.3247297e-21   8.9067898e-21   3.7426696e-21            6    7.8834157e-21          4.1423789
   8.2397649e+13   2.4596171e-21   3.8796777e-21   1.0395565e-21            3    4.3562842e-21          4.2532741
   9.1211842e+13   7.3788513e-22   1.4757703e-21               0            1    2.7020298e-21          4.3422536
   1.0234137e+14               0               0               0            0    1.5419852e-21          4.4463225
   1.1482891e+14   5.6760395e-22   1.1352079e-21               0            1    8.6035381e-22          4.5540087
   1.2884015e+14               0               0               0            0    4.6857303e-22          4.6654701
   1.4456103e+14               0               0               0            0    2.4866926e-22           4.780873
   1.6220014e+14               0               0               0            0    1.2834919e-22          4.9003923
   1.8199155e+14    3.883606e-22   7.7672119e-22               0            1    6.4299317e-23          5.0242122
   2.0419788e+14               0               0               0            0    3.1196352e-23          5.1525272
   2.2911379e+14               0               0               0            0    1.4623329e-23          5.2855436
    2.570699e+14               0               0               0            0    6.6055315e-24          5.4234782
   2.8843717e+14               0               0               0            0    2.8672617e-24          5.5665594
   3.2363183e+14               0               0               0            0    1.1923432e-24          5.7150275
   3.6312088e+14               0               0               0            0     4.734517e-25          5.8691353
   4.0742833e+14               0               0               0            0    1.7886931e-25          6.0291486
   4.5714211e+14               0               0               0            0    6.4046188e-26          6.1953479
   5.1292188e+14               0               0               0            0    2.1642755e-26          6.3680303
   5.7550782e+14               0               0               0            0    6.8706336e-27          6.5475091
   6.4573039e+14               0               0               0            0    2.0387725e-27           6.734117
   7.2452141e+14               0               0               0            0    5.6241269e-28          6.9282059
    8.129264e+14               0               0               0            0    1.4337277e-28           7.130148
   9.1211842e+14               0               0               0            0    3.3556507e-29          7.3403373
   1.0234137e+15               0               0               0            0    7.1598144e-30          7.5591894
   1.1482891e+15               0               0               0            0     1.381916e-30          7.7871419
   1.2884015e+15               0               0               0            0    2.3924708e-31          8.0246567
   1.4456103e+15               0               0               0            0    3.6811188e-32           8.272225
   1.6220014e+15               0               0               0            0    4.9828895e-33          8.5303686
   1.8199155e+15               0               0               0            0    5.8684558e-34          8.7996419
   2.0419788e+15               0               0               0            0    5.9401817e-35          9.0806367
   2.2911379e+15               0               0               0            0    5.0989766e-36          9.3739807
    2.570699e+15               0               0               0            0    3.6575419e-37          9.6803355
   2.8843717e+15               0               0               0            0    2.1572977e-38          10.000401
   3.2363183e+15               0               0               0            0    1.0278755e-39           10.33492
   3.6312088e+15               0               0               0            0    3.8797487e-41          10.684683
   4.0742833e+15               0               0               0            0    1.1354234e-42           11.05053
