# Mass function for redshift 1.000000
# 1) mass (Msun/h)
# 2) n(m) (Mpc^-3 Msun^-1 h^4)
# 3) upper +1-sigma limit for n(m) (Mpc^-3 Msun^-1 h^4)
# 4) lower -1-sigma limit for n(m) (Mpc^-3 Msun^-1 h^4)
# 5) number of halos in the bin
# 6) analytical n(m) from Watson et al. 2013
#
   1.1322748e+13    1.766497e-17   1.7920261e-17   1.7409679e-17         4788    1.8463413e-17           2.040266
   1.3010155e+13   1.3798452e-17   1.4117539e-17   1.3479365e-17         1870    1.3492049e-17          2.0896433
   1.4593312e+13   1.0669819e-17   1.0868226e-17   1.0471412e-17         2892    1.0376483e-17           2.131804
   1.6262694e+13   8.1536307e-18   8.3989151e-18   7.9083463e-18         1105    8.0768317e-18          2.1727288
   1.7888051e+13    6.578246e-18   6.7340341e-18   6.4224578e-18         1783    6.4635051e-18          2.2096851
   2.0020928e+13   5.2205373e-18   5.3593205e-18   5.0817541e-18         1415    4.9505193e-18          2.2545902
   2.2671901e+13   3.7828911e-18   3.8793508e-18   3.6864315e-18         1538    3.6723334e-18          2.3057329
   2.5931764e+13   2.5899768e-18   2.6697913e-18   2.5101623e-18         1053    2.6451257e-18          2.3629193
   2.9271362e+13   1.7930609e-18   1.8594705e-18   1.7266512e-18          729    1.9574089e-18          2.4162836
   3.2500299e+13   1.4880684e-18   1.5485669e-18   1.4275698e-18          605    1.5026703e-18          2.4638081
   3.6240159e+13   1.0643993e-18   1.1087108e-18   1.0200878e-18          577    1.1360178e-18           2.514738
   4.0588019e+13   7.8584767e-19   8.2392211e-19   7.4777322e-19          426    8.4477565e-19          2.5693624
   4.5302068e+13   5.9621119e-19    6.258738e-19   5.6654857e-19          404    6.3040477e-19          2.6239984
   5.1538273e+13   4.1936472e-19   4.4207459e-19   3.9665484e-19          341    4.4383009e-19          2.6903045
   5.7613765e+13   2.8900501e-19   3.0785762e-19    2.701524e-19          235    3.2550271e-19          2.7495682
   6.4771517e+13   2.0871608e-19   2.2354889e-19   1.9388327e-19          198    2.3326114e-19          2.8139024
   7.2229256e+13   1.6971358e-19   1.8308888e-19   1.5633828e-19          161    1.6982952e-19          2.8757443
   8.0932137e+13   1.1888149e-19   1.2875406e-19   1.0900892e-19          145    1.2096162e-19          2.9424152
    9.116582e+13   7.6002169e-20   8.3490885e-20   6.8513453e-20          103    8.4008436e-20           3.014604
   1.0179961e+14   4.9438304e-20   5.5478154e-20   4.3398454e-20           67    5.9376394e-20          3.0837869
   1.1480687e+14   4.7678732e-20   5.2880908e-20   4.2476556e-20           84    4.0237435e-20          3.1618145
   1.2893993e+14   2.3839366e-20    2.751786e-20   2.0160872e-20           42     2.731813e-20          3.2398607
   1.4489087e+14    1.798595e-20   2.0866007e-20   1.5105893e-20           39    1.8286683e-20          3.3210724
   1.6089225e+14   8.6810016e-21   1.0622133e-20   6.7398706e-21           20    1.2608474e-20          3.3965108
   1.8235901e+14   5.8254089e-21   7.3295231e-21   4.3212948e-21           15    7.9624098e-21          3.4899468
   2.0136829e+14    5.031035e-21   6.3300427e-21   3.7320273e-21           15    5.4646618e-21          3.5665358
   2.2659353e+14   2.7670693e-21   3.6894257e-21   1.8447128e-21            9     3.437483e-21           3.660842
    2.499034e+14    2.635304e-21   3.4686604e-21   1.8019477e-21           10     2.308146e-21          3.7417874
   2.9056013e+14   7.3788513e-22   1.1639033e-21   3.1186695e-22            3    1.2177299e-21          3.8714286
   3.1224372e+14   4.2164865e-22   7.1979927e-22   1.2349803e-22            2    8.8656108e-22          3.9355744
   3.6312088e+14               0               0               0            0     4.432692e-22          4.0750606
   4.0223063e+14    5.031035e-22   7.9357044e-22   2.1263656e-22            3    2.7089177e-22          4.1735618
   4.4288736e+14   3.0745214e-22   5.2485363e-22   9.0050647e-23            2    1.6733755e-22          4.2693646
   5.1292188e+14               0               0               0            0      7.74023e-23          4.4214535
   5.7550782e+14               0               0               0            0    4.0890641e-23          4.5460693
   6.4573039e+14               0               0               0            0    2.0920471e-23           4.675635
   7.2452141e+14               0               0               0            0    1.0338402e-23          4.8103949
    8.129264e+14               0               0               0            0    4.9206452e-24          4.9506074
   9.1211842e+14               0               0               0            0    2.2486115e-24          5.0965461
   1.0234137e+15               0               0               0            0     9.832044e-25          5.2484997
   1.1482891e+15               0               0               0            0     4.098175e-25          5.4067717
   1.2884015e+15               0               0               0            0    1.6217563e-25          5.5716831
   1.4456103e+15               0               0               0            0    6.0658831e-26          5.7435748
   1.6220014e+15               0               0               0            0    2.1340122e-26          5.9228092
   1.8199155e+15               0               0               0            0    7.0237464e-27          6.1097711
   2.0419788e+15               0               0               0            0    2.1500658e-27          6.3048716
   2.2911379e+15               0               0               0            0    6.0818778e-28          6.5085463
    2.570699e+15               0               0               0            0    1.5785146e-28          6.7212547
   2.8843717e+15               0               0               0            0    3.7299695e-29          6.9434827
   3.2363183e+15               0               0               0            0    7.9559844e-30          7.1757464
   3.6312088e+15               0               0               0            0    1.5175029e-30          7.4185939
   4.0742833e+15               0               0               0            0    2.5615948e-31          7.6726086
