# Group catalog for redshift 2.000000 and minimal mass of 10 particles
#    1) group ID
#    2) group mass (Msun/h)
# 3- 5) initial position (Mpc/h)
# 6- 8) final position (Mpc/h)
# 9-11) velocity (km/s)
#   12) number of particles
#
       542890  6.173948e+13     134.11      67.71     165.69     130.53      65.18     166.14    -383.03    -270.32      90.25           12
       309388  7.202939e+13      73.10     444.75      46.60      74.23     443.19      48.54      95.93    -205.57     202.64           14
       564844  5.659452e+13     134.41     237.75     423.47     134.56     234.54     422.45      50.50    -345.30    -112.74           11
       940587  5.659452e+13     225.67     206.50     168.50     227.22     204.43     168.87     175.85    -255.45      59.54           11
       448023  6.688443e+13     108.02     175.03      92.40     110.59     170.83      91.40     262.80    -408.29    -107.67           13
       578032  1.646386e+14     137.94     135.25     440.55     138.98     135.04     441.98     120.63     -34.90     141.88           32
       456399  5.144956e+13     109.38     429.69     309.77     110.08     428.37     312.05      82.51    -148.98     231.83           10
       887249  7.717435e+13     212.89      75.13     317.84     213.19      76.55     317.31      19.10     123.14     -46.13           15
       731096  5.659452e+13     173.12     310.90     346.77     176.27     313.85     345.19     321.60     277.09    -159.70           11
       776644  7.202939e+13     185.55     201.73     267.86     183.15     200.60     267.03    -262.68    -112.98     -81.80           14
       800223  5.144956e+13     191.80     419.92     372.66     189.16     417.14     371.03    -253.72    -326.07    -191.64           10
       352746  6.173948e+13      84.64     264.65     415.36      85.84     261.98     414.41     124.40    -231.78     -82.85           12
       351070  5.144956e+13      84.37     210.94     369.92      84.98     211.67     371.03      44.47      87.01      91.30           10
        86213  7.202939e+13      20.09     131.98     273.44      18.40     129.34     269.08    -218.83    -296.98    -407.86           14
       848340  5.144956e+13     200.39     390.23     328.12     198.96     388.13     329.01    -153.69    -222.44      92.13           10
       632978  6.688443e+13     150.69     318.06      71.36     148.88     318.79      72.53    -163.60      60.31     148.66           13
       178061  5.144956e+13      41.41     435.94      54.69      43.93     435.95      54.28     253.37      -6.98     -59.21           10
       190015  5.144956e+13      45.70     298.05     249.22      43.09     297.06     251.29    -287.41     -85.78     223.40           10
       430803  5.144956e+13     104.69     148.05     327.73     102.88     150.42     329.36    -203.32     257.03     159.89           10
        97787  6.688443e+13      20.28     480.92     481.52      22.46     480.43     483.43     228.93     -35.46     176.10           13
       735459  8.231930e+13     173.58     444.58     387.94     172.15     445.87     387.16    -135.28     108.98     -85.96           16
       912496  5.659452e+13     215.73     344.64     438.39     218.00     341.71     438.23     251.46    -301.05      20.08           11
       480638  5.144956e+13     116.41     165.62     493.75     118.56     162.38     492.81     191.11    -315.31     -90.36           10
       355752  5.659452e+13      85.76     357.42     158.20      81.85     357.99     158.19    -429.85      42.44       2.23           11
       648477  6.688443e+13     153.09     290.72     117.04     150.40     292.08     114.85    -268.48     155.10    -199.38           13
       657924  5.144956e+13     159.38      77.73      16.80     161.95      79.35      13.43     219.30     163.99    -346.39           10
       939815  6.688443e+13     223.71     183.74     154.90     224.00     186.28     158.23      52.04     264.84     335.82           13
        56740  5.659452e+13      10.83     231.71     142.58      11.31     232.21     144.00      55.63      51.72     137.41           11
       573360  5.144956e+13     136.33     498.44     189.84     135.31     498.11     191.09    -113.88     -53.99     119.05           10
       229395  5.144956e+13      56.64       0.78      73.05      58.72       0.87      75.82     227.08      -5.74     305.07           10
       144114  5.144956e+13      32.03     398.05     446.09      32.49     394.86     448.42      66.60    -354.54     234.55           10
       155069  5.144956e+13      37.89     232.03     242.19      38.52     231.25     241.35      15.45     -85.98     -63.42           10
       375731  5.659452e+13      86.83     466.44     200.46      85.30     470.68     203.08    -173.51     414.13     314.30           11
       704991  6.173948e+13     169.27      13.67     374.35     169.84      11.92     375.27      64.13    -166.56      74.68           12
       359092  7.202939e+13      86.50     457.59     208.98      85.91     464.68     208.81     -86.29     764.43      -2.76           14
       800758  5.144956e+13     189.45     435.16     465.23     189.16     437.42     465.06     -11.83     220.24     -27.04           10
       392021  6.688443e+13      90.90     464.39     333.08      94.95     463.86     334.16     401.29     -46.62      98.12           13
       108114  5.144956e+13      27.34     297.66     322.27      28.54     299.20     321.45      92.66     158.60     -67.72           10
       148911  5.659452e+13      35.33      48.12     183.06      36.77      48.64     183.95     139.89      53.29     101.94           11
       371347  6.688443e+13      84.28     335.79      75.57      83.60     336.92      74.31     -64.07     103.51    -118.87           13
       693704  5.144956e+13     166.02     171.88     284.77     168.10     175.55     284.29     223.93     384.48      -5.81           10
      1036441  5.144956e+13     249.61     132.81     101.56     252.10     128.60      98.04     240.08    -433.99    -338.47           10
       746195  5.659452e+13     176.31     271.13     326.53     177.79     270.11     325.99     148.36    -106.45     -53.22           11
      1021515  6.173948e+13     248.37     170.25     290.69     248.24     171.10     291.05     -29.20     108.42      26.59           12
      1048168  5.144956e+13     247.66     484.77     407.81     247.18     487.62     408.88     -52.19     295.38      90.17           10
       158329  5.659452e+13      37.82     327.59     477.10      39.00     329.79     478.31     130.30     216.20     121.15           11
       103964  7.717435e+13      24.87     169.40     113.15      24.06     167.85     111.50     -90.87    -143.26    -152.77           15
       514418  7.717435e+13     124.35     199.35     451.69     123.90     200.44     448.39     -79.23     163.18    -349.67           15
        11675  5.659452e+13       4.08     357.42     107.07       5.34     360.36     106.61     121.57     343.38     -60.76           11
       694467  7.717435e+13     164.19     193.10     265.23     164.55     192.30     265.44      21.24     -94.16      10.53           15
       812785  5.659452e+13     193.36     302.02     445.49     198.08     302.49     442.74     505.10      59.78    -286.66           11
       255433  6.688443e+13      60.25     297.63     289.51      61.24     296.38     293.75     137.43    -153.47     436.62           13
       188059  6.688443e+13      48.23     239.33     108.62      47.86     239.40     107.19     -29.97      10.54    -153.79           13
       797815  5.659452e+13     187.32     342.15     468.57     187.65     343.76     466.63      43.76     187.61    -213.29           11
       635812  5.144956e+13     152.34     403.52     144.14     149.96     403.13     141.60    -218.58     -66.66    -255.38           10
       831937  6.688443e+13     199.67     389.87     253.46     200.91     391.66     257.17     126.80     183.31     375.90           13
       170995  9.260921e+13      43.19     216.36     454.21      45.00     215.26     450.04     169.48    -141.84    -432.84           18
       135261  6.173948e+13      36.78     128.58     367.84      40.52     129.50     370.97     339.44      69.86     289.73           12
       248145  6.173948e+13      58.27      72.59     315.76      59.00      73.04     314.10      58.66      43.00    -131.90           12
       597734  5.144956e+13     139.84     240.23     400.39     139.40     238.56     401.72     -51.45    -165.03     128.31           10
        37764  5.144956e+13       9.77     158.20      15.62       8.12     158.87      17.05    -173.44      64.73     124.92           10
       210443  1.028991e+14      45.90     426.37      39.06      48.15     427.11      41.54     231.56      37.33     242.47           20
       266575  5.659452e+13      66.23     132.63     310.19      68.91     133.72     310.33     263.50     113.40      19.74           11
       926924  7.717435e+13     220.96     287.89     295.44     222.28     288.77     296.01     120.25      80.41      70.82           15
       950356  5.659452e+13     227.45       1.60     332.21     228.48       0.32     332.95     136.03    -146.72      79.14           11
       492709  6.173948e+13     117.19      39.06     142.58     115.30      39.14     145.09    -192.68     -17.14     254.84           12
       442330  5.144956e+13     101.17     495.31     357.03     104.96     493.06     357.93     379.91    -235.13      95.86           10
      1544037  7.717435e+13     369.14     120.44     396.22     367.56     121.45     397.79    -124.14     115.33     178.62           15
      1929675  6.173948e+13     458.33     389.32     295.90     456.68     387.42     294.76    -175.12    -190.82    -104.87           12
      1963725  5.144956e+13     464.06     429.30     302.73     462.23     424.40     298.62    -182.11    -508.32    -436.05           10
      1611284  8.231930e+13     382.81     174.32      80.08     385.31     175.80      79.71     284.04     180.02     -27.49           16
      1519078  6.173948e+13     363.28     357.10     402.67     366.45     356.78     401.27     296.95     -60.60    -135.08           12
      1349452  8.746426e+13     323.64     183.71     298.83     322.55     186.28     297.88     -64.49     275.24    -110.68           17
      1340488  5.659452e+13     319.78     409.98     284.27     323.07     409.58     279.84     355.94      -7.31    -442.38           11
      1778409  6.173948e+13     422.85     273.11     411.78     420.45     274.56     413.50    -238.04     139.35     177.50           12
      1857053  6.688443e+13     443.36     174.13     116.74     443.33     171.06     115.41     -21.74    -297.81    -145.31           13
      1662172  5.659452e+13     396.84     225.67     359.91     398.04     226.70     362.77     166.67      91.06     294.14           11
      1978828  5.659452e+13     472.83     387.61     298.47     468.16     387.14     297.88    -522.88     -24.60     -39.02           11
      2066236  1.337689e+14     492.79      58.14     237.38     492.93      56.58     236.72      54.49    -182.70     -66.30           26
      1630124  8.231930e+13     389.40     246.83     170.90     390.23     247.35     170.68      74.17      48.40      -6.02           16
      1835042  5.144956e+13     441.02       1.95     134.38     441.49       2.87     133.59      30.87     107.96     -96.33           10
      1366557  5.659452e+13     325.11     204.72     115.23     325.93     205.30     112.80      86.45     104.91    -265.12           11
      1640405  5.144956e+13     390.62      63.67     334.38     389.47      66.83     335.99     -89.77     337.02     187.50           10
      1055527  7.202939e+13     253.35     215.12     154.30     250.26     215.58     154.85    -311.85      46.38      56.10           14
      1216015  6.173948e+13     289.39     111.98      61.52     283.63     108.83      60.24    -616.06    -321.46    -116.14           12
      1821198  5.144956e+13     434.38      81.25      55.86     435.93      83.14      55.26     159.71     198.35     -24.49           10
      1362765  6.173948e+13     329.43      89.19     302.08     326.74      87.02     306.24    -288.80    -227.30     418.74           12
      1414277  6.688443e+13     339.39     162.41      21.48     338.96     161.98      22.57     -44.80     -63.49     114.86           13
      1639995  6.173948e+13     390.95      46.22     233.40     391.77      46.17     231.63      54.48      14.36    -182.48           12
      1870887  6.688443e+13     448.77      95.70     151.59     450.23      93.89     153.50     155.94    -195.83     218.44           13
      1559543  5.144956e+13     372.27      90.23     468.75     371.62      89.21     469.55     -60.54     -74.34      44.54           10
      1872937  5.144956e+13     447.66     156.64     160.94     446.29     156.13     156.49    -147.86     -34.98    -435.77           10
      1151142  5.144956e+13     277.34     131.64     151.17     275.08     132.65     148.89    -269.53     104.24    -219.12           10
      1623870  5.144956e+13     384.77      55.08     245.70     385.81      53.53     243.40     119.15    -164.27    -254.31           10
      1214030  5.144956e+13     292.58      52.73     307.81     291.18      54.96     307.89    -146.79     211.20     -15.97           10
      1094285  5.659452e+13     257.28     394.71      50.60     257.61     395.88      52.03      45.47     138.87     136.36           11
      1121751  6.173948e+13     267.58     230.47     342.45     267.82     231.32     342.45      48.33     128.01       1.78           12
      1465213  1.337689e+14     352.01     212.74     489.93     352.03     208.99     489.33       4.25    -387.37     -55.55           26
      1585059  6.173948e+13     375.98     373.37     140.30     374.53     374.49     141.76    -185.75     111.42     138.44           12
      1681115  6.173948e+13     395.83     303.71     357.75     398.31     305.53     358.56     238.62     186.77      71.43           12
      1766711  6.173948e+13     417.97     416.02     218.10     415.63     412.35     219.53    -248.08    -362.70     136.29           12
      1910594  6.173948e+13     455.08     307.94     261.39     455.72     308.81     259.04      77.36      79.26    -253.35           12
      1884149  5.144956e+13     444.14     496.88     458.98     443.43     496.50     460.67     -48.70     -46.89     157.98           10
      1897416  6.688443e+13     452.67     403.09     281.40     453.87     400.37     279.47     124.41    -254.02    -218.37           13
      1635760  5.144956e+13     388.67     420.70     187.11     387.69     417.17     184.68     -71.81    -354.19    -237.10           10
      1926721  6.688443e+13     459.89     300.03     254.96     458.17     303.40     253.21    -181.67     350.10    -172.36           13
      1431186  7.717435e+13     342.06     178.52      69.14     345.17     177.63      68.09     335.54    -114.49     -95.77           15
      1226523  6.173948e+13     291.34     430.66     107.42     292.28     429.29     107.93     130.51    -144.61      59.41           12
      1913541  5.144956e+13     457.03     397.66     271.88     455.68     396.62     274.39    -146.37    -110.86     298.00           10
      1929042  7.202939e+13     458.43     369.14     321.99     454.94     370.73     317.42    -369.65     162.94    -453.18           14
      1201414  5.144956e+13     288.28     166.41      26.95     284.99     162.52      26.68    -352.63    -389.11      -7.83           10
      1096892  5.659452e+13     260.12     472.48     236.68     259.39     474.14     234.59    -116.49     197.38    -204.32           11
      1611670  8.231930e+13     383.30     184.81      85.94     384.30     181.99      83.34      87.87    -308.42    -296.87           16
      1309541  7.717435e+13     312.63     462.63     395.44     311.59     467.17     396.19     -66.66     454.10      77.45           15
      1528163  7.202939e+13     367.47     137.28     390.90     366.19     136.07     394.77    -112.01    -117.63     418.28           14
      1622625  5.144956e+13     390.23      17.58     380.47     388.42      19.17     382.16    -168.40     177.53     168.88           10
      1436795  8.746426e+13     344.78     346.39     481.96     346.50     346.63     484.17     167.14      26.75     194.69           17
      1049980  5.144956e+13     254.69      40.62     487.89     252.93      44.58     484.12    -171.12     406.76    -416.69           10
      1600870  5.144956e+13     380.08     353.12     401.95     379.89     352.77     398.74     -44.22     -27.71    -346.43           10
      1896398  5.659452e+13     451.53     372.69     304.51     450.32     374.41     302.84    -132.83     188.14    -158.65           11
      1189980  5.144956e+13     284.38     315.62     361.33     280.90     317.91     361.39    -312.68     231.04      -2.14           10
      1571321  9.260921e+13     373.05     451.17     471.35     372.62     448.64     469.75     -45.31    -277.68    -166.98           18
      1317735  5.144956e+13     316.02     214.06     406.25     314.09     212.54     407.07    -199.05    -148.92      69.94           10
      2036151  8.231930e+13     489.99     140.14     217.29     489.89     137.77     216.87     -37.39    -241.56     -19.17           16
      1176876  5.144956e+13     280.86     416.80     170.70     284.11     417.29     173.41     325.04      76.99     281.94           10
      1241522  6.688443e+13     296.72     390.17     197.57     299.94     391.76     196.13     324.25     161.22    -164.72           13
      1890189  5.659452e+13     449.04     184.84      49.89     450.96     183.88      51.43     207.36     -71.38     150.12           11
      1152001  6.688443e+13     275.99     158.50       7.06     275.61     155.81       9.26     -44.09    -257.53     245.75           13
      1692712  5.659452e+13     403.23     159.27     159.98     407.33     156.93     157.15     422.00    -243.51    -338.00           11
      1839163  5.659452e+13     439.81     128.73     229.58     443.28     126.08     226.95     365.72    -266.75    -245.37           11
      2075712  5.659452e+13     492.01     346.06     254.08     492.16     342.86     254.58      33.14    -353.18      47.34           11
      1623278  5.144956e+13     390.23      36.33     433.20     387.93      36.87     433.35    -219.50      77.57      15.50           10
      1398857  6.688443e+13     334.59     189.15     288.61     330.64     191.11     290.26    -376.45     206.72     167.65           13
      1066322  5.144956e+13     255.08      40.23     324.22     256.70      43.34     324.91     149.02     325.10      73.39           10
      1918547  5.144956e+13     460.16      45.70     323.83     455.73      46.59     319.58    -500.61      99.28    -433.21           10
      1477097  6.688443e+13     356.52      80.68     412.41     355.32      82.01     409.70    -113.93     140.38    -286.23           13
