# N. replications: 15 (out of 343 checked)
# distance range:   0.000000 345.460275
# V   = 145.804481 161.634748  54.434204
# D   =  -0.256671   0.372140  -0.891982
# L   = 200.000000 200.000000 200.000000
# A   =  30.000000
# IPD =   3.571429
#
   0   -1   0  -2   293.250253 593.478708   4  0
   1   -1   0  -1   155.634281 458.740989   4  0
   2   -1   1  -2   295.749224 618.796556   4  0
   3   -1   1  -1   160.293237 491.055492   4  0
   4   -1   2  -1   284.675293 613.580962   4  0
   5    0   0  -2   254.434204 503.880129   4  0
   6    0   0  -1    54.434204 334.845491   3  48
   7    0   0   0     0.000000 261.866645   1  4
   8    0   1  -2   257.310429 533.467324   3  36
   9    0   1  -1    66.595609 377.907005   3  6
  10    0   1   0    38.365252 315.065614   4  0
  11    0   2  -1   244.501689 527.408575   4  0
  12    1   0  -2   260.142112 545.207850   4  0
  13    1   1  -2   262.955911 572.663776   4  0
  14    1   1  -1    85.861105 431.474355   4  0
