# Mass function for redshift 0.000000
# 1) mass (Msun/h)
# 2) n(m) (Mpc^-3 Msun^-1 h^4)
# 3) upper +1-sigma limit for n(m) (Mpc^-3 Msun^-1 h^4)
# 4) lower -1-sigma limit for n(m) (Mpc^-3 Msun^-1 h^4)
# 5) number of halos in the bin
# 6) analytical n(m) from Watson et al. 2013
#
   1.1339006e+13   2.2638316e-17   2.2927318e-17   2.2349314e-17         6136    2.7869912e-17            1.28767
   1.3010155e+13   1.8668494e-17   1.9039643e-17   1.8297344e-17         2530    2.1275725e-17          1.3185095
   1.4603178e+13   1.4377692e-17   1.4608008e-17   1.4147376e-17         3897    1.6944361e-17          1.3452707
   1.6262694e+13    1.194636e-17   1.2243262e-17   1.1649459e-17         1619    1.3695906e-17          1.3709343
   1.7860875e+13   1.0466901e-17   1.0663412e-17   1.0270389e-17         2837    1.1371587e-17           1.393876
   2.0036307e+13   8.3749963e-18   8.5507772e-18   8.1992154e-18         2270    9.0452082e-18          1.4227827
   2.2681778e+13   6.4810911e-18   6.6073488e-18   6.3548334e-18         2635     7.057667e-18          1.4549713
   2.5964543e+13   4.8774207e-18   4.9869497e-18   4.7678918e-18         1983    5.3772387e-18          1.4912849
   2.9193584e+13    3.969822e-18   4.0686362e-18   3.8710078e-18         1614    4.2416492e-18          1.5238595
   3.2452828e+13    3.160608e-18   3.2487776e-18   3.0724383e-18         1285    3.4196131e-18          1.5541728
   3.6231445e+13   2.4387104e-18   2.5057829e-18   2.3716379e-18         1322    2.7291674e-18           1.586661
   4.0633932e+13   1.9295696e-18   1.9892312e-18   1.8699081e-18         1046    2.1545544e-18          1.6215489
   4.5485425e+13   1.5643165e-18   1.6123641e-18   1.5162689e-18         1060    1.7046122e-18           1.656961
   5.1316711e+13   1.1879951e-18   1.2262182e-18    1.149772e-18          966    1.3241275e-18          1.6960886
   5.7795526e+13   9.8999589e-19   1.0248887e-18   9.5510312e-19          805    1.0299575e-18          1.7359789
   6.4961083e+13    7.262898e-19   7.5395923e-19   6.9862036e-19          689    8.0263551e-19          1.7765283
   7.2476276e+13   6.0717405e-19   6.3247297e-19   5.8187513e-19          576    6.3395792e-19          1.8157608
   8.1118972e+13   4.6158814e-19   4.8104177e-19   4.4213452e-19          563     4.960227e-19          1.8574531
   9.1277697e+13   3.7558353e-19   3.9223098e-19   3.5893609e-19          509    3.8245239e-19          1.9026127
   1.0225914e+14   2.8187212e-19   2.9629395e-19   2.6745029e-19          382    2.9679771e-19          1.9476003
   1.1465126e+14   2.1058107e-19   2.2151389e-19   1.9964824e-19          371      2.29133e-19          1.9944559
   1.2866227e+14   1.6290233e-19   1.7251815e-19   1.5328651e-19          287    1.7585966e-19          2.0433361
   1.4388019e+14   1.2036751e-19   1.2781807e-19   1.1291695e-19          261    1.3552489e-19          2.0923819
   1.6268528e+14   9.6793168e-20   1.0327492e-19   9.0311418e-20          223    1.0129058e-19           2.148234
   1.8099604e+14   6.7963104e-20   7.3100632e-20   6.2825577e-20          175    7.8310607e-20          2.1984678
   2.0385555e+14   6.1043225e-20    6.556805e-20     5.65184e-20          182    5.8463111e-20          2.2564769
    2.299567e+14   4.5195464e-20   4.8923124e-20   4.1467805e-20          147    4.3209832e-20          2.3174786
   2.5657566e+14   2.8197753e-20   3.0923733e-20   2.5471774e-20          107    3.2631549e-20          2.3749854
   2.8641404e+14   2.2382516e-20   2.4728841e-20   2.0036191e-20           91    2.4461187e-20          2.4347983
   3.2272888e+14   1.6022649e-20   1.7860572e-20   1.4184725e-20           76    1.7757282e-20          2.5021337
   3.6231016e+14    1.301008e-20   1.4599514e-20   1.1420646e-20           67    1.2912775e-20          2.5699202
   4.0569529e+14   7.7142537e-21   8.8516583e-21    6.576849e-21           46    9.3774503e-21          2.6387136
   4.5636733e+14   4.6117821e-21   5.4537744e-21   3.7697897e-21           30    6.6576602e-21          2.7130752
    5.178233e+14   4.5614717e-21   5.3437577e-21   3.7791858e-21           34    4.5547649e-21          2.7962006
   5.7244682e+14   2.9031546e-21   3.4957586e-21   2.3105507e-21           24    3.3378374e-21          2.8647392
   6.4874596e+14   1.7362003e-21   2.1702504e-21   1.3021502e-21           16    2.2358609e-21          2.9535781
    7.250451e+14    7.666339e-22   1.0376799e-21   4.9558789e-22            8    1.5457951e-21           3.035776
   8.2361509e+14   7.6332945e-22   1.0177726e-21    5.088863e-22            9    9.9599581e-22           3.133965
   8.9596601e+14   3.8035316e-22   5.5045227e-22   2.1025406e-22            5    7.3729365e-22          3.2012506
   1.0324642e+15   6.8322698e-22   8.9928232e-22   4.6717164e-22           10     4.353108e-22          3.3191582
   1.1482891e+15   6.0482388e-23   1.2096478e-22               0            1    2.8793404e-22          3.4115296
   1.2985761e+15   2.1544091e-22   3.2316137e-22   1.0772046e-22            4    1.7473135e-22           3.522852
   1.4784596e+15   2.8748771e-22   4.0485408e-22   1.7012135e-22            6    1.0041361e-22          3.6457438
   1.6220014e+15               0               0               0            0    6.6359478e-23          3.7371356
   1.8199155e+15               0               0               0            0    3.8744995e-23          3.8551036
   2.0419788e+15               0               0               0            0    2.1993512e-23          3.9782068
   2.2911379e+15               0               0               0            0    1.2106573e-23          4.1067202
    2.570699e+15               0               0               0            0    6.4441926e-24          4.2409336
   2.8843717e+15               0               0               0            0    3.3066566e-24          4.3811535
   3.2363183e+15               0               0               0            0    1.6300598e-24          4.5277058
   3.6312088e+15               0               0               0            0    7.6910555e-25          4.6809361
   4.0742833e+15               0               0               0            0    3.4589521e-25          4.8412127
