# Cosmological quantities used in PINOCCHIO (h=0.676600)
# TIME-DEPENDENT QUANTITIES
# 1: scale factor
# 2: cosmic time (Gyr)
# 3: comoving distance (Mpc)
# 4: diameter distance (Mpc)
# 5: Omega matter
# 6: dark energy EOS
# 7: linear growth rate
# 8: 2nd-order growth rate
# 9: first 3rd-order growth rate
#10: second 3rd-order growth rate
#11: linear d ln D/d ln a
#12: 2nd-order d ln D/d ln a
#13: first 3rd-order d ln D/d ln a
#14: second 3rd-order d ln D/d ln a
# SCALE-DEPENDENT QUANTITIES
#15: smoothing scale (Mpc)
#16: mass variance
#17: variance of displacements
#18: d Log sigma^2 / d Log R
# POWER SPECTRUM
#19: k (true Mpc^-1)
#20: P(k)
#
       0.0001   6.8332e-06      14098.3      1.40983     0.253897           -1  0.000122353  6.41718e-09  2.03608e-13  2.18154e-13            1      2.09648      3.29874      3.29874          1e-06      1104.17      226.504    -0.283674         0.0001      2026.94
  0.000104713  7.46028e-06      14096.4      1.47607     0.262718           -1  0.000128119   7.0363e-09  2.33773e-13  2.50474e-13            1      2.00212      3.00849      3.00849    1.09648e-06      1075.69      226.504    -0.283825      0.0001068      2158.27
  0.000109648  8.14373e-06      14094.4      1.54542     0.271736           -1  0.000134157  7.71515e-09  2.68407e-13  2.87583e-13            1      2.00212      3.00849      3.00849    1.20226e-06      1047.92      226.504      -0.2842    0.000114062      2298.11
  0.000114815  8.88846e-06      14092.4      1.61802     0.280944           -1   0.00014048  8.45949e-09  3.08172e-13  3.30189e-13            1      2.00212      3.00849      3.00849    1.31826e-06      1020.83      226.504    -0.284318    0.000121819      2447.01
  0.000120226  9.69978e-06      14090.3      1.69402      0.29034           -1    0.0001471  9.27565e-09  3.53829e-13  3.79108e-13            1      2.00212      3.00849      3.00849    1.44544e-06      994.454      226.504    -0.284364    0.000130103      2605.56
  0.000125893  1.05835e-05      14088.1      1.77358     0.299919           -1  0.000154033  1.01705e-08   4.0625e-13  4.35274e-13            1      2.00212      3.00849      3.00849    1.58489e-06      968.732      226.504    -0.284612     0.00013895      2774.38
  0.000131826  1.15458e-05      14085.8      1.85687     0.309676           -1  0.000161292  1.11518e-08  4.66438e-13  4.99762e-13            1      2.00212      3.00849      3.00849     1.7378e-06       943.66      226.504    -0.284959    0.000148398      2954.14
  0.000138038  1.25934e-05      14083.4      1.94405     0.319605           -1  0.000168894  1.22277e-08  5.35542e-13  5.73803e-13            1      2.00212      3.00849      3.00849    1.90546e-06      919.194      226.504    -0.285047    0.000158489      3145.55
  0.000144544  1.37337e-05      14080.9      2.03531     0.329701           -1  0.000176853  1.34074e-08  6.14885e-13  6.58814e-13            1      2.00212      3.00849      3.00849     2.0893e-06      895.389      226.504    -0.285088    0.000169267      3349.36
  0.000151356  1.49746e-05      14078.3      2.13084     0.339957           -1  0.000185188  1.47009e-08  7.05982e-13   7.5642e-13            1      2.00212      3.00849      3.00849    2.29087e-06      872.168      226.504     -0.28551    0.000180777      3566.37
  0.000158489  1.63247e-05      14075.6      2.23084     0.350364           -1  0.000193916  1.61192e-08  8.10576e-13  8.68487e-13            1      2.00212      3.00849      3.00849    2.51189e-06      849.515      226.504    -0.285588     0.00019307      3797.45
  0.000165959  1.77931e-05      14072.9      2.33552     0.360916           -1  0.000203055  1.76744e-08  9.30666e-13  9.97156e-13            1      2.00212      3.00849      3.00849    2.75423e-06      827.472      226.504    -0.285702    0.000206199      4043.49
   0.00017378  1.93899e-05        14070      2.44508     0.371604           -1  0.000212624  1.93796e-08  1.06855e-12  1.14489e-12            1      2.00212      3.00849      3.00849    3.01995e-06      805.962      226.504    -0.286071     0.00022022      4305.48
   0.00018197  2.11259e-05        14067      2.55977     0.382419           -1  0.000222645  2.12493e-08  1.22686e-12  1.31451e-12            1      2.00212      3.00849      3.00849    3.31131e-06      784.996      226.504    -0.286303    0.000235195      4584.44
  0.000190546  2.30127e-05      14063.9      2.67982     0.393352           -1  0.000233138  2.32994e-08  1.40862e-12  1.50926e-12            1      2.00212      3.00849      3.00849    3.63078e-06      764.558      226.504    -0.286541    0.000251189      4881.48
  0.000199526  2.50629e-05      14060.7      2.80547     0.404392           -1  0.000244126  2.55473e-08  1.61731e-12  1.73286e-12            1      2.00212      3.00849      3.00849    3.98107e-06      744.636      226.504    -0.286783     0.00026827      5197.77
   0.00020893  2.72901e-05      14057.3      2.93699      0.41553           -1  0.000255631   2.8012e-08  1.85692e-12  1.98959e-12            1      2.00212      3.00849      3.00849    4.36516e-06      725.217      226.504    -0.287104    0.000286512      5534.54
  0.000218776   2.9709e-05      14053.8      3.07464     0.426755           -1  0.000267678  3.07146e-08  2.13203e-12  2.28435e-12            1      2.00212      3.00849      3.00849     4.7863e-06      706.278      226.504    -0.287294    0.000305995      5893.14
  0.000229087  3.23354e-05      14050.2      3.21872     0.438055           -1  0.000280294  3.36778e-08   2.4479e-12  2.62279e-12            1      2.00212      3.00849      3.00849    5.24807e-06      687.835      226.504    -0.287491    0.000326803      6274.98
  0.000239883  3.51863e-05      14046.5      3.36952      0.44942           -1  0.000293503   3.6927e-08  2.81057e-12  3.01136e-12            1      2.00212      3.00849      3.00849     5.7544e-06      669.848      226.497    -0.287832    0.000349025      6681.53
  0.000251189  3.82802e-05      14042.6      3.52735     0.460838           -1  0.000307336  4.04897e-08  3.22696e-12  3.45751e-12            1      2.00212      3.00849      3.00849    6.30957e-06      652.316      226.504    -0.287973    0.000372759      7113.96
  0.000263027  4.16368e-05      14038.6      3.69253     0.472297           -1   0.00032182   4.4396e-08  3.70505e-12  3.96975e-12            1      2.00212      3.00849      3.00849    6.91831e-06      635.241      226.507    -0.288401    0.000398107      7573.66
  0.000275423  4.52775e-05      14034.5      3.86542     0.483785           -1  0.000336987  4.86793e-08  4.25396e-12  4.55788e-12            1      2.00212      3.00849      3.00849    7.58578e-06      618.566      226.504    -0.288836    0.000425179      8062.23
  0.000288403  4.92254e-05      14030.2      4.04635      0.49529           -1  0.000352869  5.33758e-08   4.8842e-12  5.23315e-12            1      2.00212      3.00849      3.00849    8.31764e-06      602.326      226.504    -0.289001    0.000454091      8581.33
  0.000301995  5.35051e-05      14025.7       4.2357       0.5068           -1  0.000369499  5.85254e-08  5.60782e-12  6.00846e-12            1      2.00212      3.00849      3.00849    9.12011e-06      586.497      226.504    -0.289283    0.000484969      9132.71
  0.000316228  5.81433e-05      14021.1      4.43387     0.518303           -1  0.000386913  6.41718e-08  6.43864e-12  6.89863e-12            1      2.00212      3.00849      3.00849          1e-05       571.07      226.504    -0.289472    0.000517947      9718.18
  0.000331131  6.31688e-05      14016.4      4.64125     0.529786           -1  0.000405148   7.0363e-08  7.39254e-12  7.92069e-12            1      2.00212      3.00849      3.00849    1.09648e-05      556.042      226.504    -0.289999    0.000553168      10339.6
  0.000346737  6.86125e-05      14011.4      4.85828     0.541237           -1  0.000424242  7.71515e-08  8.48777e-12  9.09417e-12            1      2.00212      3.00849      3.00849    1.20226e-05      541.364      226.504    -0.290383    0.000590784      10998.9
  0.000363078  7.45075e-05      14006.3      5.08539     0.552644           -1  0.000444235  8.45949e-08  9.74527e-12  1.04415e-11            1      2.00212      3.00849      3.00849    1.31826e-05      527.081      226.505    -0.290659    0.000630957      11698.2
  0.000380189  8.08897e-05      14001.1      5.32306     0.563996           -1  0.000465172  9.27565e-08  1.11891e-11  1.19885e-11            1      2.00212      3.00849      3.00849    1.44544e-05      513.141      226.504     -0.29111    0.000673863      12439.4
  0.000398107  8.77975e-05      13995.6      5.57175     0.575281           -1  0.000487094  1.01705e-07  1.28468e-11  1.37646e-11            1      2.00212      3.00849      3.00849    1.58489e-05      499.561        226.5    -0.291388    0.000719686      13224.8
  0.000416869  9.52722e-05        13990        5.832     0.586487           -1  0.000510051  1.11518e-07  1.47501e-11  1.58039e-11            1      2.00212      3.00849      3.00849     1.7378e-05      486.324        226.5    -0.291768    0.000768625      14056.3
  0.000436516  0.000103358      13984.2      6.10431     0.597604           -1  0.000534088  1.22277e-07  1.69353e-11  1.81453e-11            1      2.00212      3.00849      3.00849    1.90546e-05       473.42      226.501    -0.292163    0.000820891      14936.3
  0.000457088  0.000112103      13978.2      6.38925     0.608622           -1  0.000559259  1.34074e-07  1.94444e-11  2.08335e-11            1      2.00212      3.00849      3.00849     2.0893e-05      460.842      226.504    -0.292553    0.000876712      15866.9
   0.00047863  0.000121559        13972       6.6874     0.619529           -1  0.000585616  1.47009e-07  2.23251e-11  2.39201e-11            1      2.00212      3.00849      3.00849    2.29087e-05      448.583      226.504    -0.293232    0.000936329      16850.3
  0.000501187   0.00013178      13965.6      6.99936     0.630316           -1  0.000613216  1.61192e-07  2.56327e-11   2.7464e-11            1      2.00212      3.00849      3.00849    2.51189e-05       436.61      226.504    -0.293414          0.001      17888.5
  0.000524807  0.000142826        13959      7.32576     0.640974           -1  0.000642116  1.76744e-07  2.94302e-11  3.15328e-11            1      2.00212      3.00849      3.00849    2.75423e-05      424.981      226.504    -0.293588       0.001068      18983.9
  0.000549541  0.000154761      13952.1      7.66727     0.651495           -1  0.000672378  1.93796e-07  3.37904e-11  3.62045e-11            1      2.00212      3.00849      3.00849    3.01995e-05      413.625      226.504    -0.294295     0.00114062      20138.3
   0.00057544  0.000167652      13945.1      8.02457     0.661868           -1  0.000704066  2.12493e-07  3.87966e-11  4.15684e-11            1      2.00212      3.00849      3.00849    3.31131e-05      402.556      226.504    -0.294754     0.00121819      21353.6
   0.00060256  0.000181574      13937.9      8.39839     0.672088           -1  0.000737247  2.32994e-07  4.45445e-11  4.77269e-11            1      2.00212      3.00849      3.00849    3.63078e-05      391.766      226.504    -0.295239     0.00130103      22631.8
  0.000630957  0.000196604      13930.4      8.78948     0.682146           -1  0.000771993  2.55473e-07  5.11439e-11  5.47978e-11            1      2.00212      3.00849      3.00849    3.98107e-05      381.247      226.504    -0.295566      0.0013895      23974.4
  0.000660693  0.000212828      13922.7      9.19862     0.692037           -1  0.000808376   2.8012e-07  5.87211e-11  6.29163e-11            1      2.00212      3.00849      3.00849    4.36516e-05      371.006      226.504    -0.296238     0.00148398      25382.8
  0.000691831  0.000230337      13914.7      9.62664     0.701753           -1  0.000846473  3.07146e-07  6.74208e-11  7.22376e-11            1      2.00212      3.00849      3.00849     4.7863e-05      361.001      226.504    -0.296813     0.00158489      26858.2
  0.000724436  0.000249227      13906.5      10.0744     0.711289           -1  0.000886366  3.36778e-07  7.74094e-11  8.29398e-11            1      2.00212      3.00849      3.00849    5.24807e-05      351.266      226.505     -0.29729     0.00169267      28401.4
  0.000758578  0.000269603      13898.1      10.5428     0.720641           -1  0.000928139   3.6927e-07  8.88779e-11  9.52277e-11            1      2.00212      3.00849      3.00849     5.7544e-05      341.763      226.505    -0.297962     0.00180777        30013
  0.000794328  0.000291578      13889.4      11.0328     0.729804           -1  0.000971881  4.04897e-07  1.02045e-10  1.09336e-10            1      2.00212      3.00849      3.00849    6.30957e-05      332.506      226.504    -0.298421      0.0019307      31693.1
  0.000831764  0.000315272      13880.5      11.5453     0.738774           -1   0.00101768   4.4396e-07  1.17164e-10  1.25535e-10            1      2.00212      3.00849      3.00849    6.91831e-05      323.483      226.504    -0.299005     0.00206199      33441.4
  0.000870964  0.000340814      13871.3      12.0814     0.747548           -1   0.00106565  4.86793e-07  1.34522e-10  1.44133e-10            1      2.00212      3.00849      3.00849    7.58578e-05      314.687      226.504    -0.299783      0.0022022        35257
  0.000912011  0.000368342      13861.8      12.6421     0.756123           -1   0.00111587  5.33758e-07  1.54452e-10  1.65487e-10            1      2.00212      3.00849      3.00849    8.31764e-05      306.103      226.504    -0.300224     0.00235195      37138.4
  0.000954993  0.000398006      13852.1      13.2286     0.764498           -1   0.00116846  5.85254e-07  1.77335e-10  1.90004e-10            1      2.00212      3.00849      3.00849    9.12011e-05      297.756      226.504     -0.30069     0.00251189      39083.7
        0.001  0.000429964        13842       13.842     0.772669           -1   0.00122353  6.41718e-07  2.03608e-10  2.18154e-10            1      2.00212      3.00849      3.00849         0.0001       289.61      226.504    -0.301908      0.0026827      41089.9
   0.00104713  0.000464388      13831.7      14.4836     0.780637           -1   0.00128119   7.0363e-07  2.33773e-10  2.50474e-10            1      2.00212      3.00849      3.00849    0.000109648      281.649      226.504     -0.30221     0.00286512      43153.4
   0.00109648  0.000501461      13821.1      15.1546       0.7884           -1   0.00134157  7.71515e-07  2.68407e-10  2.87583e-10            1      2.00212      3.00849      3.00849    0.000120226      273.928      226.504    -0.302541     0.00305995      45269.6
   0.00114815   0.00054138      13810.2      15.8562     0.795959           -1    0.0014048  8.45949e-07  3.08172e-10  3.30189e-10            1      2.00212      3.00849      3.00849    0.000131826      266.382      226.504    -0.303637     0.00326803      47432.9
   0.00120226  0.000584356        13799        16.59     0.803312           -1     0.001471  9.27565e-07  3.53829e-10  3.79108e-10            1      2.00212      3.00849      3.00849    0.000144544      259.027      226.504    -0.304374     0.00349025      49636.9
   0.00125893  0.000630615      13787.5      17.3574     0.810462           -1   0.00154033  1.01705e-06   4.0625e-10  4.35274e-10            1      2.00212      3.00849      3.00849    0.000158489      251.858      226.504    -0.305146     0.00372759      51873.3
   0.00131826  0.000680399      13775.6      18.1598     0.817409           -1   0.00161292  1.11518e-06  4.66438e-10  4.99762e-10            1      2.00212      3.00849      3.00849     0.00017378      244.869      226.504    -0.305935     0.00398107      54133.4
   0.00138038  0.000733969      13763.4      18.9988     0.824154           -1   0.00168894  1.22277e-06  5.35542e-10  5.73803e-10            1      2.00212      3.00849      3.00849    0.000190546      238.057      226.504     -0.30668     0.00425179        56408
   0.00144544  0.000791603      13750.9      19.8761     0.830699           -1   0.00176853  1.34074e-06  6.14885e-10  6.58814e-10            1      2.00212      3.00849      3.00849     0.00020893      231.419      226.504      -0.3076     0.00454091      58683.1
   0.00151356  0.000853601      13738.1      20.7934     0.837046           -1   0.00185188  1.47009e-06  7.05982e-10   7.5642e-10            1      2.00212      3.00849      3.00849    0.000229087      224.943      226.504    -0.308544     0.00484969      60943.3
   0.00158489  0.000920283      13724.9      21.7525     0.843197           -1   0.00193916  1.61192e-06  8.10576e-10  8.68487e-10            1      2.00212      3.00849      3.00849    0.000251189      218.633      226.255     -0.30937     0.00517947      63173.6
   0.00165959  0.000991992      13711.3      22.7551     0.849155           -1   0.00203055  1.76744e-06  9.30666e-10  9.97156e-10            1      2.00212      3.00849      3.00849    0.000275423      212.482      226.504    -0.310528     0.00553168      65358.1
    0.0017378    0.0010691      13697.4      23.8034     0.854923           -1   0.00212624  1.93796e-06  1.06855e-09  1.14489e-09            1      2.00212      3.00849      3.00849    0.000301995      206.478      226.504    -0.311238     0.00590784      67478.6
    0.0018197   0.00115199      13683.1      24.8992     0.860503           -1   0.00222645  2.12493e-06  1.22686e-09  1.31451e-09            1      2.00212      3.00849      3.00849    0.000331131      200.643      226.504    -0.311991     0.00630957      69513.9
   0.00190546    0.0012411      13668.5      26.0447     0.865898           -1   0.00233138  2.32994e-06  1.40862e-09  1.50926e-09            1      2.00212      3.00849      3.00849    0.000363078      194.946      226.504    -0.313249     0.00673863        71441
   0.00199526   0.00133688      13653.4      27.2421     0.871113           -1   0.00244126  2.55473e-06  1.61731e-09  1.73286e-09            1      2.00212      3.00849      3.00849    0.000398107      189.393      226.504    -0.314292     0.00719686      73234.9
    0.0020893   0.00143982      13637.9      28.4937     0.876151           -1   0.00255631   2.8012e-06  1.85692e-09  1.98959e-09            1      2.00212      3.00849      3.00849    0.000436516       183.98      226.504    -0.315237     0.00768625      74869.2
   0.00218776   0.00155043      13622.1      29.8019     0.881014           -1   0.00267678  3.07146e-06  2.13203e-09  2.28435e-09            1      2.00212      3.00849      3.00849     0.00047863      178.708      226.504    -0.316509     0.00820891      76315.9
   0.00229087   0.00166927      13605.8      31.1691     0.885708           -1   0.00280294  3.36778e-06   2.4479e-09  2.62279e-09            1      2.00212      3.00849      3.00849    0.000524807       173.56      226.504    -0.317807     0.00876712      77545.8
   0.00239883   0.00179696      13589.1       32.598     0.890235           -1   0.00293503   3.6927e-06  2.81057e-09  3.01136e-09            1      2.00212      3.00849      3.00849     0.00057544      168.547      226.504    -0.318862     0.00936329      78528.3
   0.00251189   0.00193411        13572      34.0913       0.8946           -1   0.00307336  4.04897e-06  3.22696e-09  3.45751e-09            1      2.00212      3.00849      3.00849    0.000630957      163.659      226.504    -0.320104           0.01      79232.3
   0.00263027   0.00208144      13554.4      35.6518     0.898807           -1    0.0032182   4.4396e-06  3.70505e-09  3.96975e-09            1      2.00212      3.00849      3.00849    0.000691831      158.896      226.504    -0.321374        0.01068      79627.7
   0.00275423   0.00223966      13536.4      37.2824     0.902859           -1   0.00336987  4.86793e-06  4.25396e-09  4.55788e-09            1      2.00212      3.00849      3.00849    0.000758578      154.252      226.504    -0.322707      0.0114062      79685.3
   0.00288403   0.00240958      13517.9      38.9861     0.906761           -1   0.00352869  5.33758e-06   4.8842e-09  5.23315e-09            1      2.00212      3.00849      3.00849    0.000831764      149.725      226.504    -0.324079      0.0121819      79378.7
   0.00301995   0.00259205        13499      40.7663     0.910517           -1   0.00369499  5.85254e-06  5.60782e-09  6.00846e-09            1      2.00212      3.00849      3.00849    0.000912011      145.313      226.504    -0.325486      0.0130103        78686
   0.00316228   0.00278796      13479.6      42.6261     0.914131           -1   0.00386913  6.41718e-06  6.43864e-09  6.89863e-09            1      2.00212      3.00849      3.00849          0.001      141.012      226.504    -0.326976       0.013895      77591.4
   0.00331131    0.0029983      13459.6       44.569     0.917607           -1   0.00405148   7.0363e-06  7.39254e-09  7.92069e-09            1      2.00212      3.00849      3.00849     0.00109648      136.819      226.504    -0.328489      0.0148398      76087.6
   0.00346737    0.0032241      13439.2      46.5987     0.920948           -1   0.00424242  7.71515e-06  8.48777e-09  9.09417e-09            1      2.00212      3.00849      3.00849     0.00120226      132.733      226.504    -0.331254      0.0158489      74177.8
   0.00363078    0.0034665      13418.3      48.7188      0.92416           -1   0.00444235  8.45949e-06  9.74527e-09  1.04415e-08            1      2.00212      3.00849      3.00849     0.00131826       128.72      226.504    -0.331653      0.0169267        71878
   0.00380189   0.00372667      13396.8      50.9333     0.927246           -1   0.00465172  9.27565e-06  1.11891e-08  1.19885e-08            1      2.00212      3.00849      3.00849     0.00144544      124.866      226.504    -0.332145      0.0180777      69219.9
   0.00398107   0.00400592      13374.8      53.2461     0.930209           -1   0.00487094  1.01705e-05  1.28468e-08  1.37646e-08            1      2.00212      3.00849      3.00849     0.00158489      121.081      226.504    -0.335125       0.019307      66250.6
   0.00416869   0.00430562      13352.3      55.6616     0.933054           -1   0.00510051  1.11518e-05  1.47501e-08  1.58039e-08            1      2.00212      3.00849      3.00849      0.0017378      117.391      226.504    -0.336924      0.0206199      63034.2
   0.00436516   0.00462724      13329.2       58.184     0.935785           -1   0.00534088  1.22277e-05  1.69353e-08  1.81453e-08            1      2.00212      3.00849      3.00849     0.00190546      113.794      226.504    -0.338811       0.022022      59651.3
   0.00457088   0.00497236      13305.5      60.8179     0.938405           -1   0.00559259  1.34074e-05  1.94444e-08  2.08335e-08            1      2.00212      3.00849      3.00849      0.0020893      110.289      226.504    -0.340755      0.0235195      56193.4
    0.0047863   0.00534268      13281.2       63.568     0.940919           -1   0.00585616  1.47009e-05  2.23251e-08  2.39201e-08            1      2.00212      3.00849      3.00849     0.00229087      106.871      226.504    -0.342779      0.0251189      52758.7
   0.00501187   0.00574002      13256.4      66.4393     0.943329           -1   0.00613216  1.61192e-05  2.56327e-08   2.7464e-08            1      2.00212      3.00849      3.00849     0.00251189       103.54      226.503    -0.344884       0.026827      49453.9
   0.00524807   0.00616632      13230.9      69.4369      0.94564           -1   0.00642116  1.76744e-05  2.94302e-08  3.15328e-08            1      2.00212      3.00849      3.00849     0.00275423      100.293      226.503    -0.347063      0.0286512      46365.7
   0.00549541   0.00662367      13204.8       72.566     0.947854           -1   0.00672378  1.93796e-05  3.37904e-08  3.62045e-08            1      2.00212      3.00849      3.00849     0.00301995      97.1277      226.503    -0.349331      0.0305995      43548.1
    0.0057544   0.00711431      13178.1      75.8321     0.949976           -1   0.00704066  2.12493e-05  3.87966e-08  4.15684e-08            1      2.00212      3.00849      3.00849     0.00331131      94.0423      226.503    -0.351687      0.0326803      41083.4
    0.0060256   0.00764062      13150.7       79.241     0.952008           -1   0.00737247  2.32994e-05  4.45445e-08  4.77269e-08            1      2.00212      3.00849      3.00849     0.00363078      91.0349      226.503    -0.354133      0.0349025      38992.2
   0.00630957   0.00820519      13122.7      82.7985     0.953954           -1   0.00771993  2.55473e-05  5.11439e-08  5.47978e-08            1      2.00212      3.00849      3.00849     0.00398107      88.1034      226.502     -0.35668      0.0372759      37179.8
   0.00660693   0.00881075      13093.9      86.5108     0.955818           -1   0.00808376   2.8012e-05  5.87211e-08  6.29163e-08            1      2.00212      3.00849      3.00849     0.00436516      85.2459      226.502    -0.359329      0.0398107      35551.5
   0.00691831   0.00946026      13064.5      90.3844     0.957601           -1   0.00846473  3.07146e-05  6.74208e-08  7.22376e-08            1      2.00212      3.00849      3.00849      0.0047863      82.4606      226.502    -0.362085      0.0425179      33996.7
   0.00724436    0.0101569      13034.4      94.4257     0.959308           -1   0.00886366  3.36778e-05  7.74094e-08  8.29398e-08            1      2.00212      3.00849      3.00849     0.00524807      79.7456      226.501    -0.364955      0.0454091      32366.9
   0.00758578     0.010904      13003.5      98.6417     0.960941           -1   0.00928139   3.6927e-05  8.88779e-08  9.52277e-08            1      2.00212      3.00849      3.00849      0.0057544      77.0992      226.501    -0.367941      0.0484969      30476.2
   0.00794328    0.0117052      12971.9      103.039     0.962503           -1   0.00971881  4.04897e-05  1.02045e-07  1.09336e-07            1      2.00212      3.00849      3.00849     0.00630957      74.5198        226.5    -0.370151      0.0517947      28199.9
   0.00831764    0.0125645      12939.5      107.626     0.963997           -1    0.0101768   4.4396e-05  1.17164e-07  1.25535e-07            1      2.00212      3.00849      3.00849     0.00691831      72.0175        226.5    -0.374296      0.0553168      25575.7
   0.00870964    0.0134859      12906.4       112.41     0.965425           -1    0.0106565  4.86793e-05  1.34522e-07  1.44133e-07            1      2.00212      3.00849      3.00849     0.00758578      69.5549      226.499    -0.378588      0.0590784      22801.6
   0.00912011     0.014474      12872.4      117.398     0.966791           -1    0.0111587  5.33758e-05  1.54452e-07  1.65487e-07            1      2.00212      3.00849      3.00849     0.00831764      67.1662      226.495      -0.3812      0.0630957      20140.9
   0.00954993    0.0155335      12837.6      122.599     0.968096           -1    0.0116846  5.85254e-05  1.77335e-07  1.90004e-07            1      2.00212      3.00849      3.00849     0.00912011      64.8383      226.498    -0.384866      0.0673863      17850.7
         0.01    0.0166696        12802       128.02     0.969343           -1    0.0122353  6.41718e-05  2.03608e-07  2.18154e-07      0.90045      1.79445      2.68367      2.68366           0.01      62.5693      226.496     -0.38851      0.0719686      16123.3
    0.0104713    0.0178877      12765.6      133.672     0.970534           -1    0.0126997  6.91351e-05  2.27679e-07  2.43945e-07     0.828084       1.6586      2.49293      2.49292      0.0109648      60.3603      226.495    -0.392704      0.0768625      14962.9
    0.0109648    0.0191937      12728.3      139.563     0.971673           -1    0.0132042  7.47368e-05  2.55903e-07  2.74185e-07     0.865367      1.73343      2.60572      2.60571      0.0120226       58.203      226.494    -0.397075      0.0820891      14117.8
    0.0114815     0.020594        12690      145.701      0.97276           -1    0.0137525  8.10714e-05  2.89116e-07  3.09772e-07       0.9029      1.80875      2.71929      2.71928      0.0131826      56.1029      226.492     -0.40122      0.0876712      13214.1
    0.0120226    0.0220954      12650.9      152.097     0.973798           -1    0.0143483  8.82475e-05  3.28339e-07  3.51796e-07     0.940349      1.88392      2.83262      2.83261      0.0144544      54.0565       226.49    -0.405753      0.0936329      11992.6
    0.0125893    0.0237049      12610.9      158.761     0.974789           -1    0.0149956  9.63891e-05  3.74808e-07  4.01585e-07     0.977302      1.95808      2.94445      2.94444      0.0158489      52.0625      226.488    -0.410483            0.1      10491.4
    0.0131826    0.0254306      12569.8      165.703     0.975736           -1    0.0156985  0.000105637  4.30021e-07  4.60742e-07      1.01326      2.03022      3.05324      3.05323       0.017378      50.1198      226.485    -0.415405         0.1068      9021.31
    0.0138038    0.0272805      12527.9      172.933     0.976639           -1    0.0164612  0.000116149  4.95779e-07  5.31198e-07       1.0476       2.0991       3.1571      3.15709      0.0190546      48.2272      226.482    -0.420539       0.114062      7950.27
    0.0144544    0.0292637      12484.9      180.461     0.977501           -1    0.0172874  0.000128101  5.74234e-07  6.15257e-07      1.07958      2.16323      3.25373      3.25372       0.020893      46.3838      226.479    -0.425881       0.121819       7301.8
    0.0151356    0.0313898      12440.9        188.3     0.978324           -1    0.0181807  0.000141681  6.67926e-07  7.15642e-07      1.10832      2.22078      3.34039      3.34038      0.0229087      44.5884      226.475    -0.431419       0.130103      6763.25
    0.0158489    0.0336689      12395.8       196.46      0.97911           -1    0.0191439   0.00015709  7.79802e-07   8.3551e-07      1.13275      2.26961      3.41379      3.41379      0.0251189      42.8403       226.47    -0.437178        0.13895      6023.78
    0.0165959     0.036112      12349.7      204.954     0.979859           -1    0.0201787  0.000174531    9.132e-07  9.78438e-07      1.15159      2.30714      3.47002      3.47001      0.0275423      41.1384      226.465    -0.443147       0.148398      5171.97
     0.017378    0.0387309      12302.5      213.793     0.980573           -1     0.021285  0.000194191  1.07176e-06  1.14833e-06      1.16333      2.33032      3.50442      3.50441      0.0301995      39.4821      226.459    -0.449346       0.158489      4518.99
     0.018197    0.0415382      12254.2      222.989     0.981255           -1    0.0224601  0.000216225  1.25925e-06  1.34921e-06      1.16618      2.33553      3.51151      3.51151      0.0331131      37.8704      226.452     -0.45576       0.169267      4104.01
    0.0190546    0.0445473      12204.7      232.556     0.981905           -1    0.0236982  0.000240719  1.47918e-06  1.58485e-06      1.15804      2.31853      3.48488      3.48487      0.0363078      36.3028      226.443    -0.462356       0.180777      3671.02
    0.0199526    0.0477728      12154.1      242.505     0.982525           -1    0.0249887  0.000267647  1.73419e-06  1.85808e-06      1.13754      2.27672      3.42075      3.42075      0.0398107      34.7785      226.434    -0.469164        0.19307      3168.49
     0.020893    0.0512301      12102.2      252.851     0.983116           -1    0.0263172  0.000296863  2.02575e-06  2.17047e-06      1.10875      2.21873      3.33291       3.3329      0.0436516      33.2971      226.423    -0.476175       0.206199      2779.96
    0.0218776    0.0549359      12049.2      263.607     0.983679           -1    0.0276771  0.000328333  2.35626e-06  2.52459e-06      1.07742      2.15585      3.23799      3.23799       0.047863      31.8579       226.41    -0.483385        0.22022      2482.61
    0.0229087     0.058908      11994.9      274.786     0.984216           -1    0.0290647   0.00036208  2.72871e-06  2.92364e-06      1.04592      2.09268      3.14278      3.14277      0.0524807      30.4604      226.396    -0.490789       0.235195      2160.13
    0.0239883    0.0631653      11939.3      286.403     0.984727           -1     0.030478  0.000398146   3.1464e-06  3.37116e-06      1.01573      2.03224      3.05182      3.05182       0.057544      29.1041      226.379     -0.49839       0.251189      1885.86
    0.0251189    0.0677284      11882.4      298.472     0.985214           -1     0.031917   0.00043663  3.61342e-06  3.87155e-06     0.988771      1.97839      2.97096      2.97096      0.0630957      27.7885       226.36     -0.50619        0.26827      1661.51
    0.0263027    0.0726192      11824.1      311.007     0.985678           -1    0.0333857  0.000477735  4.13551e-06  4.43093e-06     0.967476        1.936      2.90757      2.90757      0.0691831       26.513      226.338    -0.514193       0.286512      1442.75
    0.0275423     0.077861      11764.5      324.022      0.98612           -1     0.034893  0.000521846  4.72129e-06  5.05856e-06     0.954874      1.91119      2.87086      2.87086      0.0758578      25.2772      226.313    -0.522405       0.305995      1261.83
    0.0288403    0.0834791      11703.5      337.534      0.98654           -1    0.0364555  0.000569627  5.38433e-06  5.76896e-06     0.954717      1.91151      2.87229      2.87229      0.0831764      24.0806      226.285    -0.530834       0.326803      1097.69
    0.0301995    0.0895004      11641.1      351.555     0.986939           -1    0.0380998  0.000622168  6.14621e-06  6.58526e-06     0.968297      1.93934      2.91513      2.91512      0.0912011      22.9225      226.252    -0.539489       0.349025      955.096
    0.0316228    0.0959537      11577.2      366.103     0.987318           -1    0.0398546  0.000680798  7.03513e-06  7.53768e-06     0.987907      1.97868      2.97443      2.97443            0.1      21.8026      226.214    -0.548377       0.372759      829.366
    0.0331131      0.10287      11511.8      381.191     0.987678           -1    0.0417274  0.000746283   8.0742e-06  8.65098e-06      1.00545      2.01373      3.02706      3.02706       0.109648      20.7201      226.171     -0.55751       0.398107       719.71
    0.0346737     0.110282      11444.8      396.835      0.98802           -1    0.0437201  0.000819261  9.28704e-06  9.95045e-06      1.01899      2.04071      3.06745      3.06745       0.120226      19.6746      226.122    -0.566896       0.425179      623.422
    0.0363078     0.118227      11376.3      413.049     0.988344           -1    0.0458321  0.000900322  1.06989e-05  1.14632e-05      1.02758      2.05769      3.09269      3.09269       0.131826      18.6655      226.066    -0.576548       0.454091      539.698
    0.0380189      0.12674      11306.2       429.85      0.98865           -1    0.0480593   0.00098995  1.23357e-05  1.32169e-05       1.0301      2.06243      3.09938      3.09937       0.144544      17.6923      226.002     -0.58647       0.484969      466.599
    0.0398107     0.135864      11234.4      447.251     0.988939           -1    0.0503933   0.00108844  1.42216e-05  1.52375e-05      1.02584      2.05357      3.08552      3.08552       0.158489      16.7542       225.93     -0.59668       0.517947      402.876
    0.0416869     0.145643        11161      465.267     0.989211           -1    0.0528223   0.00119589  1.63787e-05  1.75487e-05      1.01748      2.03673      3.06002      3.06002        0.17378      15.8507      225.847    -0.607181       0.553168      347.476
    0.0436516     0.156122      11085.8      483.913     0.989467           -1    0.0553452   0.00131285  1.88393e-05  2.01851e-05      1.00906      2.01991      3.03475      3.03475       0.190546      14.9813      225.753    -0.617985       0.590784      299.412
    0.0457088     0.167352      11008.9      503.203     0.989706           -1    0.0579679   0.00144022  2.16463e-05  2.31926e-05      1.00263      2.00713      3.01567      3.01566        0.20893      14.1452      225.645    -0.629088       0.630957      257.756
     0.047863     0.179387      10930.2       523.15     0.989929           -1    0.0607002   0.00157919  2.48538e-05  2.66292e-05     0.999671      2.00139       3.0073      3.00729       0.229087       13.342      225.526    -0.640607       0.673863      221.685
    0.0501187     0.192285      10849.6      543.767     0.990136           -1    0.0635587   0.00173142  2.85328e-05   3.0571e-05      1.00105      2.00436      3.01208      3.01208       0.251189      12.5708      225.387    -0.652403       0.719686      190.479
    0.0524807     0.206106      10767.1      565.067     0.990327           -1    0.0665624   0.00189894  3.27723e-05  3.51133e-05      1.00427      2.01081      3.02178      3.02177       0.275423      11.8312      225.232    -0.664499       0.768625      163.513
    0.0549541     0.220917      10682.7       587.06     0.990501           -1    0.0697177   0.00208323  3.76571e-05  4.03471e-05      1.00639      2.01497      3.02795      3.02795       0.301995      11.1225      225.056    -0.677057       0.820891      140.239
     0.057544      0.23679      10596.4      609.758     0.990658           -1     0.073027    0.0022857   4.3278e-05  4.63694e-05       1.0069      2.01594       3.0293       3.0293       0.331131       10.444       224.86     -0.68997       0.876712      120.175
     0.060256     0.253799        10508       633.17     0.990798           -1    0.0764926   0.00250778  4.97363e-05  5.32891e-05      1.00607      2.01422      3.02662      3.02662       0.363078      9.79499      224.632     -0.70328       0.936329      102.897
    0.0630957     0.272026      10417.6      657.304     0.990919           -1    0.0801175   0.00275109  5.71475e-05  6.12297e-05      1.00456      2.01117      3.02201      3.02201       0.398107      9.17492      224.382    -0.717007              1      88.0326
    0.0660693     0.291558        10325      682.166     0.991021           -1    0.0839079   0.00301756  6.56482e-05  7.03376e-05       1.0032      2.00848      3.01799      3.01799       0.436516      8.58308      224.096    -0.731166          1.068      75.2567
    0.0691831     0.312488      10230.3      707.763     0.991102           -1    0.0878732    0.0033095   7.5402e-05  8.07881e-05      1.00271      2.00755      3.01668      3.01668        0.47863       8.0188      223.777    -0.745769        1.14062      64.2859
    0.0724436     0.334916      10133.4      734.098     0.991162           -1    0.0920261   0.00362971  8.66057e-05  9.27922e-05      1.00281      2.00776        3.017        3.017       0.524807      7.48138      223.418    -0.760835        1.21819      54.8739
    0.0758578     0.358949      10034.2      761.171     0.991198           -1    0.0963759   0.00398095  9.94761e-05  0.000106582      1.00271      2.00755      3.01665      3.01665        0.57544      6.97015      223.016    -0.776386        1.30103      46.8063
    0.0794328     0.384701      9932.69      788.982     0.991209           -1      0.10093   0.00436606  0.000114254  0.000122416      1.00239      2.00689      3.01566      3.01566       0.630957      6.48442      222.566    -0.792438         1.3895       39.897
    0.0831764     0.412295      9828.83      817.527     0.991192           -1     0.105697   0.00478827  0.000131222  0.000140595      1.00195      2.00602      3.01433      3.01433       0.691831      6.02348      222.064     -0.80901        1.48398      33.9846
    0.0870964     0.441863      9722.55      846.799     0.991145           -1     0.110687   0.00525106  0.000150698  0.000161463      1.00148      2.00508      3.01293      3.01293       0.758578      5.58663      221.502    -0.826119        1.58489      28.9294
    0.0912011     0.473545      9613.81      876.789     0.991064           -1     0.115911   0.00575835  0.000173056  0.000185417      1.00117      2.00446      3.01202      3.01202       0.831764      5.17318      220.877    -0.843788        1.69267      24.6104
    0.0954993     0.507491      9502.53      907.484     0.990945           -1     0.121379   0.00631453  0.000198724  0.000212919      1.00085      2.00383      3.01105      3.01105       0.912011      4.78241      220.182    -0.862037        1.80777      20.9233
          0.1     0.543862      9388.67      938.867     0.990785           -1     0.127104   0.00692417  0.000228187  0.000244487       1.0005      2.00313         3.01      3.01001              1      4.41362      219.409    -0.880894         1.9307      17.7778
     0.104713     0.582832      9272.17      970.915     0.990577           -1     0.133096   0.00759245  0.000262007  0.000280723      1.00012      2.00237      3.00886      3.00886        1.09648      4.06608      218.553    -0.900367        2.06199      15.0963
     0.109648     0.624584      9152.97       1003.6     0.990317           -1     0.139368   0.00832491  0.000300821   0.00032231     0.999731      2.00161      3.00772      3.00772        1.20226      3.73909      217.606    -0.920492         2.2022       12.812
     0.114815     0.669316      9031.01       1036.9     0.989998           -1     0.145933   0.00912774   0.00034537  0.000370041     0.999336      2.00082      3.00653      3.00654        1.31826      3.43191      216.559    -0.941289        2.35195      10.8673
     0.120226     0.717239      8906.23      1070.76     0.989611           -1     0.152805    0.0100076  0.000396492  0.000424815     0.998911      1.99998      3.00528      3.00528        1.44544      3.14385      215.338    -0.962776        2.51189      9.21275
     0.125893     0.768579      8778.57      1105.16     0.989148           -1     0.159997    0.0109718  0.000455157   0.00048767     0.998458      1.99908      3.00392      3.00393        1.58489      2.87418      214.137    -0.984983         2.6827      7.80602
     0.131826     0.823576      8647.97      1140.02     0.988599           -1     0.167524    0.0120285  0.000522466  0.000559788     0.997965      1.99811      3.00246      3.00246         1.7378      2.62219      212.743     -1.00793        2.86512       6.6107
     0.138038      0.88249      8514.37      1175.31     0.987952           -1       0.1754    0.0131862  0.000599689  0.000642527     0.997442      1.99707       3.0009      3.00091        1.90546      2.38715      211.216     -1.03164        3.05995      5.59562
     0.144544     0.945595      8377.71      1210.95     0.987194           -1     0.183643    0.0144548  0.000688274  0.000737441      0.99686      1.99592      2.99917      2.99918         2.0893      2.16836      209.547     -1.05617        3.26803       4.7341
     0.151356      1.01319      8237.92      1246.86     0.986309           -1     0.192267    0.0158444  0.000789881  0.000846306     0.996223      1.99466      2.99728      2.99729        2.29087      1.96511      207.726     -1.08148        3.49025      4.00332
     0.158489      1.08558      8094.95      1282.96     0.985279           -1     0.201291    0.0173666  0.000906406  0.000971156     0.995522      1.99328       2.9952      2.99522        2.51189       1.7767      205.744     -1.10762        3.72759      3.38378
     0.165959       1.1631      7948.73      1319.16     0.984086           -1      0.21073    0.0190338   0.00104002   0.00111431     0.994736      1.99172      2.99287      2.99288        2.75423      1.60242      203.593     -1.13467        3.98107      2.85883
      0.17378      1.24611      7799.19      1355.34     0.982705           -1     0.220604    0.0208595   0.00119319   0.00127843     0.993854      1.98998      2.99025      2.99027        3.01995      1.44159      201.263     -1.16259        4.25179      2.41426
      0.18197        1.335       7646.3       1391.4     0.981112           -1     0.230931    0.0228584   0.00136875   0.00146653     0.992867      1.98803      2.98733      2.98735        3.31131      1.29351      198.747     -1.19142        4.54091      2.03795
     0.190546      1.43015      7489.97      1427.18     0.979277           -1      0.24173    0.0250465   0.00156993   0.00168208     0.991753      1.98583      2.98402      2.98404        3.63078      1.15752      196.036     -1.22119        4.84969      1.71958
     0.199526      1.53201      7330.17      1462.56     0.977167           -1     0.253019    0.0274411   0.00180038     0.001929     0.990492      1.98334      2.98029      2.98031        3.98107      1.03294      193.123     -1.25193        5.17947      1.45035
      0.20893      1.64103      7166.83      1497.36     0.974744           -1      0.26482     0.030061    0.0020643   0.00221177     0.989066      1.98052      2.97606      2.97609        4.36516     0.919122      190.002     -1.28364        5.53168      1.22279
     0.218776      1.75769      6999.91      1531.41     0.971966           -1     0.277152    0.0329265   0.00236642   0.00253548     0.987446      1.97733      2.97126      2.97129         4.7863     0.815424      186.669     -1.31637        5.90784      1.03053
     0.229087       1.8825      6829.37      1564.52     0.968786           -1     0.290035    0.0360596   0.00271213    0.0029059     0.985606      1.97369      2.96581      2.96585        5.24807     0.721214      183.119     -1.35012        6.30957     0.868166
     0.239883      2.01601      6655.16      1596.46     0.965151           -1      0.30349    0.0394839   0.00310753   0.00332955     0.983515      1.96957      2.95962      2.95966         5.7544     0.635878      179.351     -1.38491        6.73863     0.731114
     0.251189      2.15877      6477.24      1627.01     0.961003           -1     0.317537    0.0432247   0.00355951   0.00381383     0.981138      1.96487      2.95258      2.95262        6.30957     0.558819      175.362     -1.42076        7.19686     0.615475
     0.263027      2.31138      6295.61      1655.91     0.956275           -1     0.332195    0.0473091   0.00407586   0.00436708     0.978438      1.95954      2.94458      2.94463        6.91831     0.489455      171.155     -1.45769        7.68625     0.517942
     0.275423      2.47448      6110.23       1682.9     0.950895           -1     0.347484    0.0517661    0.0046653   0.00499865     0.975366      1.95348      2.93548      2.93554        7.58578     0.427224      166.733     -1.49572        8.20891     0.435714
     0.288403      2.64872      5921.11      1707.67     0.944785           -1     0.363422    0.0566263   0.00533765   0.00571905      0.97188       1.9466      2.92516      2.92522        8.31764     0.371583      162.092     -1.53483        8.76712     0.366417
     0.301995      2.83477      5728.25       1729.9     0.937859           -1     0.380027    0.0619221   0.00610386   0.00654004     0.967927       1.9388      2.91345      2.91352        9.12011      0.32201      157.265     -1.57505        9.36329     0.308038
     0.316228      3.03333      5531.67      1749.27     0.930024           -1     0.397313    0.0676876   0.00697613   0.00747466     0.963444      1.92995      2.90017      2.90026             10     0.278004      152.236      -1.6164             10     0.258876
     0.331131      3.24515      5331.41       1765.4     0.921182           -1     0.415295    0.0739582   0.00796795   0.00853741     0.958371      1.91994      2.88515      2.88525        10.9648     0.239088      147.027     -1.65886          10.68     0.217491
     0.346737      3.47095      5127.53       1777.9     0.911229           -1     0.433984    0.0807705   0.00909422   0.00974421     0.952644      1.90863       2.8682      2.86831        12.0226     0.204806      141.652     -1.70248        11.4062     0.182666
     0.363078      3.71149       4920.1      1786.38     0.900059           -1     0.453387     0.088162    0.0103712    0.0111126     0.946185      1.89589      2.84908      2.84921        13.1826     0.174726      136.127     -1.74723        12.1819     0.153369
     0.380189      3.96754      4709.24       1790.4     0.887561           -1     0.473509    0.0961706    0.0118167    0.0126614     0.938921      1.88155      2.82758      2.82772        14.4544     0.148445      130.472     -1.79308        13.0103     0.128733
     0.398107      4.23986      4495.06      1789.52     0.873629           -1      0.49435     0.104834    0.0134497    0.0144113     0.930772      1.86546      2.80346      2.80362        15.8489     0.125578      124.708     -1.84004         13.895     0.108022
     0.416869      4.52919      4277.73      1783.25     0.858158           -1     0.515903     0.114189    0.0152907    0.0163841     0.921653      1.84747      2.77647      2.77666         17.378      0.10577      118.859     -1.88828        14.8398    0.0906172
     0.436516      4.83627      4057.44      1771.14     0.841053           -1     0.538159     0.124271    0.0173613    0.0186028     0.911487       1.8274      2.74639      2.74661        19.0546    0.0886851      112.949     -1.93768        15.8489     0.075995
     0.457088      5.16179      3834.41      1752.66     0.822232           -1     0.561098     0.135112    0.0196839    0.0210917     0.900195      1.80512      2.71299      2.71323         20.893    0.0740196      107.005     -1.98816        16.9267    0.0637144
      0.47863      5.50642      3608.91      1727.33     0.801633           -1     0.584697     0.146742    0.0222816    0.0238755     0.887699      1.78046      2.67603      2.67629        22.9087     0.061489      101.055      -2.0398        18.0777    0.0534036
     0.501187      5.87074      3381.23      1694.63     0.779216           -1      0.60892     0.159185    0.0251776     0.026979     0.873931      1.75328      2.63531      2.63561        25.1189     0.050835      95.1259     -2.09222         19.307    0.0447492
     0.524807      6.25528      3151.71      1654.04     0.754973           -1     0.633727     0.172457    0.0283949    0.0304269     0.858836      1.72349      2.59068      2.59101        27.5423    0.0418234      89.2473     -2.14474        20.6199    0.0374873
     0.549541      6.66048      2920.73      1605.06     0.728933           -1     0.659067      0.18657    0.0319553    0.0342427     0.842369      1.69099        2.542      2.54236        30.1995    0.0342439      83.4465     -2.19628         22.022    0.0313955
      0.57544      7.08666       2688.7      1547.18     0.701163           -1     0.684879     0.201525    0.0358791     0.038448     0.824505      1.65573      2.48919      2.48959        33.1131    0.0279072      77.7495     -2.24579        23.5195    0.0262867
      0.60256      7.53406      2456.06      1479.92     0.671777           -1     0.711095     0.217313     0.040184    0.0430619     0.805239       1.6177      2.43225       2.4327        36.3078    0.0226423      72.1805     -2.29273        25.1189    0.0220035
     0.630957      8.00277      2223.28      1402.79     0.640934           -1     0.737636     0.233915    0.0448842    0.0480998      0.78459      1.57694      2.37124      2.37172        39.8107    0.0182936      66.7595      -2.3377         26.827    0.0184135
     0.660693      8.49274      1990.86      1315.35     0.608838           -1     0.764417     0.251299    0.0499901    0.0535727     0.762604      1.53353      2.30627       2.3068        43.6516    0.0147199      61.5045     -2.38249        28.6512    0.0154052
     0.691831      9.00381      1759.33      1217.16     0.575734           -1     0.791346     0.269422    0.0555067    0.0594861     0.739351      1.48762      2.23758      2.23815         47.863     0.011795      56.4313     -2.42961        30.5995     0.012885
     0.724436      9.53565       1529.2       1107.8     0.541904           -1     0.818325     0.288227    0.0614334    0.0658396     0.714933      1.43941      2.16544      2.16606        52.4807   0.00940883      51.5546     -2.48142        32.6803    0.0107744
     0.758578      10.0878         1301      986.907     0.507653           -1      0.84525     0.307647    0.0677636    0.0726259     0.689472      1.38912      2.09023      2.09089         57.544   0.00746768       46.889     -2.53946        34.9025    0.0090076
     0.794328      10.6597      1075.25      854.102     0.473306           -1     0.872019     0.327602    0.0744837    0.0798306     0.663116      1.33706      2.01237      2.01308        63.0957   0.00589358      42.4493     -2.60411        37.2759   0.00753044
     0.831764      11.2506      852.463      709.048     0.439188           -1     0.898528     0.348005    0.0815737    0.0874326     0.636034      1.28355      1.93236      1.93311        69.1831   0.00462229      38.2496     -2.67464        39.8107   0.00629552
     0.870964      11.8598      633.114      551.419     0.405616           -1     0.924674     0.368758     0.089007    0.0954032     0.608408      1.22896      1.85073      1.85153        75.8578   0.00360087      34.3026     -2.74955        42.5179   0.00526312
     0.912011      12.4863      417.654      380.905      0.37289           -1     0.950362      0.38976    0.0967511     0.103708     0.580427      1.17365      1.76805      1.76889        83.1764   0.00278543      30.6187     -2.82696        45.4091   0.00440002
     0.954993      13.1291      206.493        197.2     0.341275           -1     0.975498     0.410905     0.104768     0.112305     0.552282        1.118      1.68486      1.68574        91.2011    0.0021392      27.2048       -2.905        48.4969   0.00367846
            1      13.7873            0            0        0.311           -1            1     0.432086     0.113015     0.121151     0.522811      1.05972      1.59775      1.59868            100   0.00163114      24.0637     -2.98201        51.7947   0.00307523
      1.04713      14.4598            0            0     0.282252           -1      1.02512     0.454064     0.121746     0.130511     0.491951     0.998706      1.50654      1.50751        109.648   0.00123507      21.1942     -3.05665        55.3168   0.00257092
      1.09648      15.1455            0            0     0.255169           -1      1.05087     0.477161     0.131153     0.140594     0.459637     0.934811      1.41103      1.41205        120.226  0.000928882      18.5907     -3.12798        59.0784   0.00214932
      1.14815      15.8434            0            0     0.229848           -1      1.07726     0.501432     0.141286     0.151457     0.425799     0.867905      1.31102      1.31209        131.826  0.000694148      16.2441     -3.19536        63.0957   0.00179685
      1.20226      16.5525            0            0     0.206338           -1      1.10432     0.526937     0.152201     0.163158     0.390367     0.797846      1.20629      1.20742        144.544  0.000515622      14.1421     -3.25848        67.3863   0.00150218
      1.25893      17.2718            0            0     0.184653           -1      1.13206      0.55374      0.16396     0.175764     0.353265     0.724485      1.09663      1.09781        158.489  0.000380867      12.2701     -3.31725        71.9686   0.00125584
      1.31826      18.0003            0            0     0.164771           -1      1.16049     0.581907     0.176628     0.189343     0.314415     0.647667     0.981797     0.983038         173.78  0.000279867       10.612     -3.37171        76.8625    0.0010499
      1.38038      18.7371            0            0     0.146643           -1      1.18964     0.611506     0.190275     0.203972     0.273733     0.567229     0.861555     0.862857        190.546  0.000204662      9.15053     -3.42203        82.0891  0.000877723
      1.44544      19.4815            0            0     0.130194           -1      1.21952      0.64261     0.204975     0.219731     0.231135     0.482999     0.735646     0.737012         208.93  0.000149001      7.86851     -3.46845        87.6712  0.000733785
      1.51356      20.2325            0            0     0.115342           -1      1.25015     0.675297     0.220812     0.236708     0.186528       0.3948     0.603803     0.605236        229.087  0.000108034      6.74865     -3.49072        93.6329  0.000613452
