# Fmax PDF over 8000000 particles
# 1-2: F interval
# 3: number of particles in that interval
#
    0.0      0.1  2207958
    0.1      0.2  730760
    0.2      0.3  429992
    0.3      0.4  294695
    0.4      0.5  220248
    0.5      0.6  174786
    0.6      0.7  145104
    0.7      0.8  144225
    0.8      0.9  152017
    0.9      1.0  156806
    1.0      1.1  160913
    1.1      1.2  163723
    1.2      1.3  166021
    1.3      1.4  167554
    1.4      1.5  166973
    1.5      1.6  165835
    1.6      1.7  163677
    1.7      1.8  160409
    1.8      1.9  156421
    1.9      2.0  151014
    2.0      2.1  144919
    2.1      2.2  138747
    2.2      2.3  131614
    2.3      2.4  124637
    2.4      2.5  116833
    2.5      2.6  109038
    2.6      2.7  101527
    2.7      2.8  93798
    2.8      2.9  86094
    2.9      3.0  78716
    3.0      3.1  71552
    3.1      3.2  65449
    3.2      3.3  58587
    3.3      3.4  52544
    3.4      3.5  46718
    3.5      3.6  41874
    3.6      3.7  36631
    3.7      3.8  32134
    3.8      3.9  27953
    3.9      4.0  24750
    4.0      4.1  21538
    4.1      4.2  18217
    4.2      4.3  15571
    4.3      4.4  13395
    4.4      4.5  11591
    4.5      4.6  9559
    4.6      4.7  8081
    4.7      4.8  6941
    4.8      4.9  5841
    4.9      5.0  4976
    5.0      5.1  3971
    5.1      5.2  3290
    5.2      5.3  2680
    5.3      5.4  2166
    5.4      5.5  1794
    5.5      5.6  1474
    5.6      5.7  1187
    5.7      5.8  984
    5.8      5.9  737
    5.9      6.0  585
    6.0      6.1  488
    6.1      6.2  393
    6.2      6.3  288
    6.3      6.4  221
    6.4      6.5  177
    6.5      6.6  149
    6.6      6.7  109
    6.7      6.8  82
    6.8      6.9  75
    6.9      7.0  49
    7.0      7.1  47
    7.1      7.2  27
    7.2      7.3  14
    7.3      7.4  18
    7.4      7.5  8
    7.5      7.6  4
    7.6      7.7  7
    7.7      7.8  2
    7.8      7.9  6
    7.9      8.0  4
    8.0      8.1  2
    8.1      8.2  2
    8.2      8.3  1
    8.3      8.4  0
    8.4      8.5  1
    8.5      8.6  1
    8.6      8.7  0
    8.7      8.8  0
    8.8      8.9  0
    8.9      9.0  1
    9.0      9.1  0
    9.1      9.2  0
    9.2      9.3  0
    9.3      9.4  0
    9.4      9.5  0
    9.5      9.6  0
    9.6      9.7  0
    9.7      9.8  0
    9.8      9.9  0
    9.9     10.0  0
   10.0     10.1  0
   10.1     10.2  0
   10.2     10.3  0
   10.3     10.4  0
   10.4     10.5  0
   10.5     10.6  0
   10.6     10.7  0
   10.7     10.8  0
   10.8     10.9  0
   10.9     11.0  0
   11.0     11.1  0
   11.1     11.2  0
   11.2     11.3  0
   11.3     11.4  0
   11.4     11.5  0
   11.5     11.6  0
   11.6     11.7  0
   11.7     11.8  0
   11.8     11.9  0
   11.9     12.0  0
   12.0     12.1  0
   12.1     12.2  0
   12.2     12.3  0
   12.3     12.4  0
   12.4     12.5  0
   12.5     12.6  0
   12.6     12.7  0
   12.7     12.8  0
   12.8     12.9  0
   12.9     13.0  0
   13.0     13.1  0
   13.1     13.2  0
   13.2     13.3  0
   13.3     13.4  0
   13.4     13.5  0
   13.5     13.6  0
   13.6     13.7  0
   13.7     13.8  0
   13.8     13.9  0
   13.9     14.0  0
   14.0     14.1  0
   14.1     14.2  0
   14.2     14.3  0
   14.3     14.4  0
   14.4     14.5  0
   14.5     14.6  0
   14.6     14.7  0
   14.7     14.8  0
   14.8     14.9  0
   14.9     15.0  0
   15.0     15.1  0
   15.1     15.2  0
   15.2     15.3  0
   15.3     15.4  0
   15.4     15.5  0
   15.5     15.6  0
   15.6     15.7  0
   15.7     15.8  0
   15.8     15.9  0
   15.9     16.0  0
   16.0     16.1  0
   16.1     16.2  0
   16.2     16.3  0
   16.3     16.4  0
   16.4     16.5  0
   16.5     16.6  0
   16.6     16.7  0
   16.7     16.8  0
   16.8     16.9  0
   16.9     17.0  0
   17.0     17.1  0
   17.1     17.2  0
   17.2     17.3  0
   17.3     17.4  0
   17.4     17.5  0
   17.5     17.6  0
   17.6     17.7  0
   17.7     17.8  0
   17.8     17.9  0
   17.9     18.0  0
   18.0     18.1  0
   18.1     18.2  0
   18.2     18.3  0
   18.3     18.4  0
   18.4     18.5  0
   18.5     18.6  0
   18.6     18.7  0
   18.7     18.8  0
   18.8     18.9  0
   18.9     19.0  0
   19.0     19.1  0
   19.1     19.2  0
   19.2     19.3  0
   19.3     19.4  0
   19.4     19.5  0
   19.5     19.6  0
   19.6     19.7  0
   19.7     19.8  0
   19.8     19.9  0
   19.9     20.0  0
   20.0     20.1  0
   20.1     20.2  0
   20.2     20.3  0
   20.3     20.4  0
   20.4     20.5  0
   20.5     20.6  0
   20.6     20.7  0
   20.7     20.8  0
   20.8     20.9  0
   20.9    999.0  0
