# Mass function for redshift 0.500000
# 1) mass (Msun/h)
# 2) n(m) (Mpc^-3 Msun^-1 h^4)
# 3) upper +1-sigma limit for n(m) (Mpc^-3 Msun^-1 h^4)
# 4) lower -1-sigma limit for n(m) (Mpc^-3 Msun^-1 h^4)
# 5) number of halos in the bin
# 6) analytical n(m) from Watson et al. 2013
#
   1.1335779e+13   2.1992666e-17   2.2277518e-17   2.1707815e-17         5961    2.4727435e-17           1.632225
   1.3010155e+13   1.6735235e-17   1.7086642e-17   1.6383828e-17         2268    1.8593544e-17          1.6713981
   1.4611882e+13   1.3934961e-17   1.4161703e-17   1.3708219e-17         3777    1.4596126e-17          1.7054993
   1.6262694e+13    1.137081e-17   1.1660471e-17   1.1081149e-17         1541    1.1658439e-17          1.7378539
   1.7840055e+13   8.7919014e-18   8.9720043e-18   8.6117984e-18         2383    9.5866904e-18          1.7665695
   2.0036593e+13   7.0431136e-18   7.2043124e-18   6.8819148e-18         1909    7.4867727e-18          1.8035838
   2.2664748e+13   5.4874058e-18    5.603582e-18   5.3712295e-18         2231    5.7448854e-18          1.8441315
   2.5970312e+13    4.053449e-18   4.1532985e-18   3.9535995e-18         1648     4.274481e-18          1.8904925
   2.9234807e+13   3.0843599e-18   3.1714595e-18   2.9972602e-18         1254    3.2957691e-18          1.9322134
   3.2478249e+13   2.3759901e-18   2.4524364e-18   2.2995439e-18          966    2.6094667e-18          1.9704232
   3.6207952e+13   1.8650047e-18   1.9236596e-18   1.8063498e-18         1011    2.0447684e-18           2.011072
   4.0606984e+13   1.5477141e-18   1.6011471e-18    1.494281e-18          839    1.5761485e-18          2.0552837
   4.5442326e+13   1.1156823e-18   1.1562593e-18   1.0751053e-18          756    1.2168546e-18          2.1000502
   5.1385142e+13   8.5840637e-19   8.9089753e-19   8.2591521e-19          698    9.1355612e-19          2.1505906
   5.7962715e+13   6.3581102e-19   6.6377396e-19   6.0784809e-19          517    6.8674412e-19          2.2018497
   6.4940145e+13   5.1651959e-19   5.3985357e-19   4.9318562e-19          490     5.223359e-19          2.2518578
   7.2443485e+13   3.6050959e-19   3.8000372e-19   3.4101547e-19          342    3.9972786e-19          2.3015258
   8.1058183e+13    2.820361e-19   2.9724246e-19   2.6682973e-19          344    3.0221954e-19          2.3542282
   9.1306117e+13   2.1103515e-19   2.2351392e-19   1.9855638e-19          286    2.2346471e-19          2.4119855
   1.0204778e+14   1.6012107e-19    1.709908e-19   1.4925135e-19          217    1.6759785e-19          2.4678042
   1.1439127e+14   1.1919683e-19   1.2742219e-19   1.1097147e-19          210    1.2397935e-19          2.5270574
    1.279944e+14    7.038289e-20    7.670346e-20    6.406232e-20          124    9.1557275e-20          2.5873751
   1.4341243e+14   6.3181415e-20   6.8579367e-20   5.7783462e-20          137    6.6887694e-20          2.6505502
   1.6215594e+14    5.295411e-20   5.7748349e-20    4.815987e-20          122    4.7243473e-20          2.7212787
    1.809145e+14   2.6408521e-20   2.9611024e-20   2.3206017e-20           68    3.4373757e-20          2.7865968
   2.0333481e+14   1.7776324e-20    2.021809e-20   1.5334558e-20           53    2.4257285e-20          2.8587948
   2.2830805e+14   1.3220442e-20    1.523654e-20   1.1204343e-20           43    1.6996503e-20          2.9330325
   2.5653932e+14   7.6423817e-21   9.0615364e-21   6.2232271e-21           29    1.1752407e-20          3.0105355
   2.8955935e+14   6.3950045e-21   7.6491681e-21   5.1408409e-21           26    7.9113398e-21          3.0941266
   3.2742224e+14   3.5840135e-21   4.4532645e-21   2.7147626e-21           17    5.2193774e-21          3.1823583
   3.5637887e+14   4.6603272e-21   5.6116125e-21   3.7090419e-21           24    3.8828436e-21          3.2452798
   4.1149543e+14   1.8447128e-21   2.4009147e-21    1.288511e-21           11    2.3080478e-21          3.3561202
   4.5738826e+14   1.2298086e-21   1.6646115e-21   7.9500557e-22            8    1.5498749e-21          3.4410336
   4.9799982e+14    8.049656e-22   1.1335914e-21   4.7633977e-22            6    1.1132936e-21          3.5115478
   5.7550782e+14   1.2096478e-22   2.4192955e-22               0            1    6.1976481e-22          3.6361668
   6.2687264e+14    5.425626e-22   7.8520397e-22   2.9992123e-22            5    4.3200294e-22          3.7127316
   7.0254837e+14   5.7497543e-22   8.0970816e-22   3.4024269e-22            6     2.621337e-22          3.8183356
    8.129264e+14   8.4814383e-23   1.6962877e-22               0            1    1.3373303e-22           3.959736
   9.1211842e+14               0               0               0            0    7.6400627e-23          4.0764649
   1.0245497e+15    1.366454e-22   2.3326828e-22    4.002251e-23            2    4.2202655e-23          4.1992001
   1.1482891e+15               0               0               0            0    2.2882082e-23          4.3245983
   1.2884015e+15               0               0               0            0    1.1936237e-23          4.4565025
   1.4456103e+15               0               0               0            0    6.0081345e-24          4.5939898
   1.6220014e+15               0               0               0            0    2.9090931e-24          4.7373502
   1.8199155e+15               0               0               0            0    1.3503129e-24          4.8868914
   2.0419788e+15               0               0               0            0    5.9859551e-25          5.0429422
   2.2911379e+15               0               0               0            0     2.523819e-25          5.2058512
    2.570699e+15               0               0               0            0    1.0074854e-25          5.3759856
   2.8843717e+15               0               0               0            0    3.7888935e-26          5.5537344
   3.2363183e+15               0               0               0            0    1.3350668e-26          5.7395101
   3.6312088e+15               0               0               0            0    4.3812465e-27          5.9337514
   4.0742833e+15               0               0               0            0    1.3302008e-27          6.1369247
